Command line:
   UART_receiver_tb_isim_beh.exe
     -simmode  gui
     -simrunnum  1
     -socket  56958

Wed Mar 24 11:11:36 2021


 Elaboration Time: 0.0625 sec

 Current Memory Usage: 4699.9 Meg

 Total Signals          : 30
 Total Nets             : 35
 Total Signal Drivers   : 20
 Total Blocks           : 5
 Total Primitive Blocks : 4
 Total Processes        : 13
 Total Traceable Variables  : 15
 Total Scalar Nets and Variables : 520
Total Line Count : 63

 Total Simulation Time: 0.203125 sec

 Current Memory Usage: 4699.9 Meg

Wed Mar 24 11:11:51 2021

