08:49:37 **** Build of project xilkernel_bsp_0 ****
make -k all 
libgen -hw ../Lab3a_hw_platform/system.xml\
	       \
	       -pe microblaze_0 \
	       -log libgen.log \
	       system.mss
libgen
Xilinx EDK 14.7 Build EDK_P.20131013
Copyright (c) 1995-2012 Xilinx, Inc.  All rights reserved.

Command Line: libgen -hw ../Lab3a_hw_platform/system.xml -pe microblaze_0 -log
libgen.log system.mss 


Staging source files.
Running DRCs.
Running generate.
Running post_generate.
Running include - 'make -s include "COMPILER=mb-gcc" "ARCHIVER=mb-ar"
"COMPILER_FLAGS=-mlittle-endian -mno-xl-soft-mul -mxl-barrel-shift
-mxl-pattern-compare -mcpu=v8.50.c  -O2 -c" "EXTRA_COMPILER_FLAGS=-g
-ffunction-sections -fdata-sections"'.

Running libs - 'make -s libs "COMPILER=mb-gcc" "ARCHIVER=mb-ar"
"COMPILER_FLAGS=-mlittle-endian -mno-xl-soft-mul -mxl-barrel-shift
-mxl-pattern-compare -mcpu=v8.50.c  -O2 -c" "EXTRA_COMPILER_FLAGS=-g
-ffunction-sections -fdata-sections"'.
"Compiling standalone";
"Compiling common"
mb-ar: creating ./libsyscall.a
mb-ar: creating ./libxilkernel.a
"Compiling xilkernel"
"Compiling intc"
"Compiling tmrctr"
"Compiling uartlite"
"Compiling gpio"
"Compiling bram"
"Compiling cpu"
Running execs_generate.
'Finished building libraries'

08:50:14 Build Finished (took 36s.665ms)

