01:25:15.578 INFO  - Processing command line option -hwspec E:\FaksHub\2020_2021\2.Semester_2020_2021\LRI2\Labs\LRI2_Labs\Lab2a\SDK\SDK_Export\hw\system.xml. 
01:26:55.685 INFO  - Saving repository preferences. 
01:26:55.689 INFO  - Reading in cores from local repositories: 
		 E:\FaksHub\2020_2021\2.Semester_2020_2021\LRI2\Labs\LRI2_Labs\Lab2a 
01:26:55.766 INFO  - Updating libgen.options on all BSP projects. 
01:26:55.769 INFO  - Cleaning BSP projects in the workspace. 
01:26:59.398 INFO  - Saving repository preferences. 
01:27:01.499 INFO  - Saving repository preferences. 
01:27:26.729 INFO  - Settings changed on project LAB2a_SDK_Project_1_bsp. Triggering a rebuild... 
01:27:27.344 INFO  - Refreshed build settings on project LAB2a_SDK_Project_1 
03:45:39.779 INFO  - FPGA configured successfully with bitstream "E:/FaksHub/2020_2021/2.Semester_2020_2021/LRI2/Labs/LRI2_Labs/Lab2a_SDK/Lab2a_hw_platform/download.bit" 
04:05:53.329 INFO  - Saving repository preferences. 
16:57:02.634 INFO  - Settings changed on project LAB2a_SDK_Project_1_bsp. Triggering a rebuild... 
16:57:04.068 INFO  - Refreshed build settings on project LAB2a_SDK_Project_1 
16:58:56.167 INFO  - Settings changed on project LAB2a_SDK_Project_1_bsp. Triggering a rebuild... 
16:58:56.460 INFO  - Refreshed build settings on project LAB2a_SDK_Project_1 
17:05:08.355 INFO  - Settings changed on project LAB2a_SDK_Project_1_bsp. Triggering a rebuild... 
17:05:09.032 INFO  - Refreshed build settings on project LAB2a_SDK_Project_1 
17:09:04.080 INFO  - Settings changed on project LAB2a_SDK_Project_1_bsp. Triggering a rebuild... 
17:09:04.728 INFO  - Refreshed build settings on project LAB2a_SDK_Project_1 
17:09:39.177 INFO  - Settings changed on project LAB2a_SDK_Project_1_bsp. Triggering a rebuild... 
17:09:39.879 INFO  - Refreshed build settings on project LAB2a_SDK_Project_1 
17:10:29.366 ERROR - Unexpected error while fetching XMD's response:  java.net.SocketException: Connection reset
	at java.net.SocketInputStream.read(Unknown Source)
	at sun.nio.cs.StreamDecoder.readBytes(Unknown Source)

17:10:29.384 ERROR - Zero sized response read from XMD. This indicates a communication error or a programming error. 
17:11:46.488 INFO  - Settings changed on project LAB2a_SDK_Project_1_bsp. Triggering a rebuild... 
17:11:48.008 INFO  - Refreshed build settings on project LAB2a_SDK_Project_1 
17:24:04.882 INFO  - Project LAB2a_SDK_Project_1_bsp was a BSP project. Please update references. 
17:24:04.890 ERROR - SDK has detected that project LAB2a_SDK_Project_1_bsp has been deleted (or renamed).
If this project was a BSP referenced by other C/C++ applications, then those applications will fail to build now. Please right click on those applications and click 'Change Referenced BSP' to update those projects' BSP references. 
18:34:54.229 INFO  - Saving repository preferences. 
18:34:56.153 INFO  - Saving repository preferences. 
00:42:30.155 INFO  - Restoring local repository preferences: 
		 E:\FaksHub\2020_2021\2.Semester_2020_2021\LRI2\Labs\LRI2_Labs\Lab2a 
02:57:54.648 INFO  - Restoring local repository preferences: 
		 E:\FaksHub\2020_2021\2.Semester_2020_2021\LRI2\Labs\LRI2_Labs\Lab2a 
02:57:55.036 INFO  - Project Lab2a_hw_platform's source hardware specification located at E:\FaksHub\2020_2021\2.Semester_2020_2021\LRI2\Labs\LRI2_Labs\Lab2a\SDK\SDK_Export\hw\system.xml is now different from the local copy.
		 The local copy will be replaced with the source specification and your workspace will be updated. 
02:58:06.924 INFO  - Copied contents of E:\FaksHub\2020_2021\2.Semester_2020_2021\LRI2\Labs\LRI2_Labs\Lab2a\SDK\SDK_Export\hw\system.xml into \Lab2a_hw_platform\system.xml. 
02:58:06.935 INFO  - Copied contents of E:\FaksHub\2020_2021\2.Semester_2020_2021\LRI2\Labs\LRI2_Labs\Lab2a\SDK\SDK_Export\hw\system.bit into \Lab2a_hw_platform\system.bit. 
02:58:06.941 INFO  - Copied contents of E:\FaksHub\2020_2021\2.Semester_2020_2021\LRI2\Labs\LRI2_Labs\Lab2a\SDK\SDK_Export\hw\system_bd.bmm into \Lab2a_hw_platform\system_bd.bmm. 
02:58:07.081 INFO  - Synchronizing projects in the workspace with the hardware platform specification changes. 
02:58:26.673 INFO  - Updating hardware inferred compiler options for Lab2a_SDK_proj1. 
02:58:26.696 INFO  - Clearing existing target manager status. 
03:00:55.079 INFO  - FPGA configured successfully with bitstream "E:/FaksHub/2020_2021/2.Semester_2020_2021/LRI2/Labs/LRI2_Labs/Lab2a_SDK/Lab2a_hw_platform/download.bit" 
03:04:18.526 INFO  - FPGA configured successfully with bitstream "E:/FaksHub/2020_2021/2.Semester_2020_2021/LRI2/Labs/LRI2_Labs/Lab2a_SDK/Lab2a_hw_platform/download.bit" 
03:32:35.149 INFO  - Project Lab2a_hw_platform's source hardware specification located at E:\FaksHub\2020_2021\2.Semester_2020_2021\LRI2\Labs\LRI2_Labs\Lab2a\SDK\SDK_Export\hw\system.xml is now different from the local copy.
		 The local copy will be replaced with the source specification and your workspace will be updated. 
03:32:54.148 INFO  - Copied contents of E:\FaksHub\2020_2021\2.Semester_2020_2021\LRI2\Labs\LRI2_Labs\Lab2a\SDK\SDK_Export\hw\system.xml into \Lab2a_hw_platform\system.xml. 
03:32:54.165 INFO  - Copied contents of E:\FaksHub\2020_2021\2.Semester_2020_2021\LRI2\Labs\LRI2_Labs\Lab2a\SDK\SDK_Export\hw\system.bit into \Lab2a_hw_platform\system.bit. 
03:32:54.173 INFO  - Copied contents of E:\FaksHub\2020_2021\2.Semester_2020_2021\LRI2\Labs\LRI2_Labs\Lab2a\SDK\SDK_Export\hw\system_bd.bmm into \Lab2a_hw_platform\system_bd.bmm. 
03:32:54.824 INFO  - Synchronizing projects in the workspace with the hardware platform specification changes. 
03:32:57.391 INFO  - Updating hardware inferred compiler options for Lab2a_SDK_proj1. 
03:32:57.447 INFO  - Clearing existing target manager status. 
03:33:46.424 ERROR - Unexpected error while parsing XMD response ?: com.google.gson.JsonSyntaxException: com.google.gson.stream.MalformedJsonException: invalid number or unquoted string near  
03:38:15.396 INFO  - Processing command line option -hwspec E:\FaksHub\2020_2021\2.Semester_2020_2021\LRI2\Labs\LRI2_Labs\Lab2a\SDK\SDK_Export\hw\system.xml. 
03:39:55.316 INFO  - FPGA configured successfully with bitstream "E:/FaksHub/2020_2021/2.Semester_2020_2021/LRI2/Labs/LRI2_Labs/Lab2a_SDK/Lab2a_hw_platform/download.bit" 
06:23:57.710 INFO  - FPGA configured successfully with bitstream "E:/FaksHub/2020_2021/2.Semester_2020_2021/LRI2/Labs/LRI2_Labs/Lab2a_SDK/Lab2a_hw_platform/download.bit" 
06:33:48.418 ERROR - Unexpected error while parsing XMD response ?: com.google.gson.JsonSyntaxException: com.google.gson.stream.MalformedJsonException: invalid number or unquoted string near  
06:34:05.565 INFO  - Processing command line option -hwspec E:\FaksHub\2020_2021\2.Semester_2020_2021\LRI2\Labs\LRI2_Labs\Lab2a\SDK\SDK_Export\hw\system.xml. 
06:35:14.574 INFO  - Processing command line option -hwspec E:\FaksHub\2020_2021\2.Semester_2020_2021\LRI2\Labs\LRI2_Labs\Lab2a\SDK\SDK_Export\hw\system.xml. 
