18:44:37 **** Build of configuration Debug for project LAB2a_SDK_Project1 ****
make all 
'Building file: ../src/helloworld.c'
'Invoking: MicroBlaze gcc compiler'
mb-gcc -Wall -O0 -g3 -c -fmessage-length=0 -I../../my_bsp/microblaze_0/include -mlittle-endian -mxl-barrel-shift -mxl-pattern-compare -mcpu=v8.50.c -mno-xl-soft-mul -Wl,--no-relax -ffunction-sections -fdata-sections -MMD -MP -MF"src/helloworld.d" -MT"src/helloworld.d" -o "src/helloworld.o" "../src/helloworld.c"
'Finished building: ../src/helloworld.c'
' '
'Building file: ../src/platform.c'
'Invoking: MicroBlaze gcc compiler'
mb-gcc -Wall -O0 -g3 -c -fmessage-length=0 -I../../my_bsp/microblaze_0/include -mlittle-endian -mxl-barrel-shift -mxl-pattern-compare -mcpu=v8.50.c -mno-xl-soft-mul -Wl,--no-relax -ffunction-sections -fdata-sections -MMD -MP -MF"src/platform.d" -MT"src/platform.d" -o "src/platform.o" "../src/platform.c"
'Finished building: ../src/platform.c'
' '
'Building target: LAB2a_SDK_Project1.elf'
'Invoking: MicroBlaze gcc linker'
mb-gcc -Wl,-T -Wl,../src/lscript.ld -L../../my_bsp/microblaze_0/lib -mlittle-endian -mxl-barrel-shift -mxl-pattern-compare -mcpu=v8.50.c -mno-xl-soft-mul -Wl,--no-relax -Wl,--gc-sections -o "LAB2a_SDK_Project1.elf"  ./src/helloworld.o ./src/platform.o   -Wl,--start-group,-lxil,-lgcc,-lc,--end-group
e:/xilinx/14.7/ise_ds/edk/gnu/microblaze/nt/bin/../lib/gcc/microblaze-xilinx-elf/4.6.4/../../../../microblaze-xilinx-elf/lib/bs/m/le\libxil.a(print.o): In function `print':
/wrk/ptx/users/nagaraju/GCC_2013_03/newlib/libgloss/microblaze/print.c:25: undefined reference to `outbyte'
./src/platform.o: In function `enable_caches':
E:\FaksHub\2020_2021\2.Semester_2020_2021\LRI2\Labs\LRI2_Labs\Lab2a_SDK\LAB2a_SDK_Project1\Debug/../src/platform.c:80: undefined reference to `microblaze_enable_icache'
E:\FaksHub\2020_2021\2.Semester_2020_2021\LRI2\Labs\LRI2_Labs\Lab2a_SDK\LAB2a_SDK_Project1\Debug/../src/platform.c:80: undefined reference to `microblaze_enable_dcache'
collect2: ld returned 1 exit status
make: *** [LAB2a_SDK_Project1.elf] Error 1

18:44:39 Build Finished (took 2s.568ms)

