Command line:
   UART_transmitter_isim_beh.exe
     -simmode  gui
     -simrunnum  0
     -socket  53874

Tue Mar 23 20:40:38 2021


 Elaboration Time: 0.09375 sec

 Current Memory Usage: 4699.9 Meg

 Total Signals          : 25
 Total Nets             : 56
 Total Signal Drivers   : 18
 Total Blocks           : 4
 Total Primitive Blocks : 4
 Total Processes        : 10
 Total Traceable Variables  : 13
 Total Scalar Nets and Variables : 539
Total Line Count : 50

 Total Simulation Time: 0.171875 sec

 Current Memory Usage: 4699.91 Meg

Tue Mar 23 20:40:43 2021

