Command line:
   uart_receiver_tb_isim_beh.exe
     -simmode  gui
     -simrunnum  0
     -socket  61845

Wed Mar 24 22:19:10 2021


 Elaboration Time: 0.03125 sec

 Current Memory Usage: 4699.88 Meg

 Total Signals          : 29
 Total Nets             : 34
 Total Signal Drivers   : 19
 Total Blocks           : 5
 Total Primitive Blocks : 4
 Total Processes        : 13
 Total Traceable Variables  : 16
 Total Scalar Nets and Variables : 520
Total Line Count : 75

 Total Simulation Time: 0.0625 sec

 Current Memory Usage: 4699.88 Meg

Wed Mar 24 22:19:18 2021

