Command line:
   uart_top_tb_isim_par.exe
     -simmode  gui
     -sdfmax  /uut/=netgen/par/uart_top_timesim.sdf
     -sdfroot  /uut
     -simrunnum  0
     -socket  62532

Wed Mar 24 23:25:55 2021


 Elaboration Time: 0.375 sec

 Current Memory Usage: 4730.79 Meg

 Total Signals          : 7015
 Total Nets             : 5229
 Total Signal Drivers   : 3733
 Total Blocks           : 1205
 Total Primitive Blocks : 732
 Total Processes        : 3706
 Total Traceable Variables  : 8083
 Total Scalar Nets and Variables : 50568
Total Line Count : 9145

 Total Simulation Time: 8.6875 sec

 Current Memory Usage: 5045.37 Meg

Wed Mar 24 23:26:49 2021

