Command line:
   uart_receiver_tb_isim_par.exe
     -simmode  gui
     -sdfmax  /uut/=.sdf
     -sdfroot  /uut
     -simrunnum  0
     -socket  61896

Wed Mar 24 22:22:27 2021


 Elaboration Time: 0.046875 sec

 Current Memory Usage: 4699.82 Meg

 Total Signals          : 6
 Total Nets             : 13
 Total Signal Drivers   : 2
 Total Blocks           : 2
 Total Primitive Blocks : 2
 Total Processes        : 2
 Total Traceable Variables  : 10
 Total Scalar Nets and Variables : 375
Total Line Count : 8

 Total Simulation Time: 0.078125 sec

 Current Memory Usage: 4699.82 Meg

Wed Mar 24 22:22:49 2021

