Command line:
   UARTtop_isim_par.exe
     -simmode  gui
     -sdfmax  /UARTtop/=netgen/par/UARTtop_timesim.sdf
     -sdfroot  /
     -simrunnum  1
     -socket  56254

Wed Mar 24 09:37:36 2021


 Elaboration Time: 0.046875 sec

 Current Memory Usage: 4700.75 Meg

 Total Signals          : 60
 Total Nets             : 44
 Total Signal Drivers   : 17
 Total Blocks           : 23
 Total Primitive Blocks : 15
 Total Processes        : 17
 Total Traceable Variables  : 130
 Total Scalar Nets and Variables : 4585
Total Line Count : 108

 Total Simulation Time: 0.140625 sec

 Current Memory Usage: 4700.76 Meg

Wed Mar 24 10:27:23 2021

