Command line:
   UART_receiver_tb_isim_translate.exe
     -simmode  gui
     -simrunnum  0
     -socket  56965

Wed Mar 24 11:12:30 2021


 Elaboration Time: 0.03125 sec

 Current Memory Usage: 4699.82 Meg

 Total Signals          : 6
 Total Nets             : 13
 Total Signal Drivers   : 2
 Total Blocks           : 2
 Total Primitive Blocks : 2
 Total Processes        : 2
 Total Traceable Variables  : 10
 Total Scalar Nets and Variables : 375
Total Line Count : 8

 Total Simulation Time: 0.0625 sec

 Current Memory Usage: 4699.83 Meg

Wed Mar 24 11:16:34 2021

