Command line:
   brg_tb_isim_beh.exe
     -simmode  gui
     -simrunnum  0
     -socket  59314

Mon Mar 22 02:09:39 2021


 Elaboration Time: 0.0625 sec

 Current Memory Usage: 4699.81 Meg

 Total Signals          : 7
 Total Nets             : 4
 Total Signal Drivers   : 3
 Total Blocks           : 3
 Total Primitive Blocks : 2
 Total Processes        : 4
 Total Traceable Variables  : 9
 Total Scalar Nets and Variables : 365
Total Line Count : 16

 Total Simulation Time: 22.4375 sec

 Current Memory Usage: 4699.82 Meg

Mon Mar 22 02:12:15 2021

