Command line:
   brg_tb_isim_par.exe
     -simmode  gui
     -sdfmax  /uut/=.sdf
     -sdfroot  /uut
     -simrunnum  0
     -socket  57324

Wed Mar 24 11:54:33 2021


 Elaboration Time: 0.046875 sec

 Current Memory Usage: 4699.76 Meg

 Total Signals          : 3
 Total Nets             : 3
 Total Signal Drivers   : 1
 Total Blocks           : 2
 Total Primitive Blocks : 2
 Total Processes        : 2
 Total Traceable Variables  : 9
 Total Scalar Nets and Variables : 364
Total Line Count : 7

 Total Simulation Time: 0.0625 sec

 Current Memory Usage: 5014.34 Meg

Wed Mar 24 11:55:26 2021

