Xilinx Platform Studio (XPS)
Xilinx EDK 14.7 Build EDK_P.20131013
Copyright (c) 1995-2012 Xilinx, Inc.  All rights reserved.

Assigned Driver gpio 3.01.a for instance axi_gpio_0
axi_gpio_0 has been added to the project
ERROR:EDK:4125 - IPNAME: axi_gpio, INSTANCE: axi_gpio_0, PARAMETER: C_BASEADDR - ASSIGNMENT=REQUIRE is defined in the MPD. You must specify a value in the MHS. 
ERROR:EDK:4125 - IPNAME: axi_gpio, INSTANCE: axi_gpio_0, PARAMETER: C_HIGHADDR - ASSIGNMENT=REQUIRE is defined in the MPD. You must specify a value in the MHS. 
WARNING:EDK:2137 - Peripheral axi_gpio_0 is not accessible from any processor in the system. Check Bus Interface connections and address parameters. 
Address Map for Processor microblaze_0
  (0000000000-0x0000ffff) microblaze_0_d_bram_ctrl	microblaze_0_dlmb
  (0000000000-0x0000ffff) microblaze_0_i_bram_ctrl	microblaze_0_ilmb
  (0x40000000-0x4000ffff) dip_gpio	axi4lite_0
  (0x41400000-0x4140ffff) debug_module	axi4lite_0
INFO:EDK - Use debug_module as reference
INFO:EDK - Connect bus interface S_AXI to axi4lite_0
INFO:EDK - Connect clock port S_AXI_ACLK to clk_100_0000MHz
INFO:EDK - External IO port grouping doneINFO:EDK - Generate address successfully
INFO:EDK - Successfully finished auto bus connection for IP instance: dip_gpio
Assigned Driver gpio 3.01.a for instance axi_gpio_0
axi_gpio_0 has been added to the project
ERROR:EDK:4125 - IPNAME: axi_gpio, INSTANCE: axi_gpio_0, PARAMETER: C_BASEADDR - ASSIGNMENT=REQUIRE is defined in the MPD. You must specify a value in the MHS. 
ERROR:EDK:4125 - IPNAME: axi_gpio, INSTANCE: axi_gpio_0, PARAMETER: C_HIGHADDR - ASSIGNMENT=REQUIRE is defined in the MPD. You must specify a value in the MHS. 
WARNING:EDK:2137 - Peripheral axi_gpio_0 is not accessible from any processor in the system. Check Bus Interface connections and address parameters. 
Address Map for Processor microblaze_0
  (0000000000-0x0000ffff) microblaze_0_d_bram_ctrl	microblaze_0_dlmb
  (0000000000-0x0000ffff) microblaze_0_i_bram_ctrl	microblaze_0_ilmb
  (0x40000000-0x4000ffff) dip_gpio	axi4lite_0
  (0x40040000-0x4004ffff) push_gpio	axi4lite_0
  (0x41400000-0x4140ffff) debug_module	axi4lite_0
INFO:EDK - Use dip_gpio as reference
INFO:EDK - Connect bus interface S_AXI to axi4lite_0
INFO:EDK - Connect clock port S_AXI_ACLK to clk_100_0000MHz
INFO:EDK - External IO port grouping doneINFO:EDK - Generate address successfully
INFO:EDK - Successfully finished auto bus connection for IP instance: push_gpio
Assigned Driver generic 1.00.a for instance axi_interconnect_0
axi_interconnect_0 has been added to the project
WARNING:EDK:3712 - IPNAME: axi_interconnect, INSTANCE: axi_interconnect_0 - Frequency of the interconnect's clock port could not be determined. All IPs in the design will be considered to be asynchronous with respect to the interconnect. This will lead to more resource usage. You can avoid this by specifying the clock frequency on the port that the interconnect's clock is connected to.
ERROR:EDK:4125 - IPNAME: axi_interconnect, INSTANCE: axi_interconnect_0, PORT: INTERCONNECT_ARESETN - ASSIGNMENT=REQUIRE is defined in the MPD. You must specify a connection in the MHS. 
WARNING:EDK:3712 - IPNAME: axi_interconnect, INSTANCE: axi_interconnect_0 - Frequency of the interconnect's clock port could not be determined. All IPs in the design will be considered to be asynchronous with respect to the interconnect. This will lead to more resource usage. You can avoid this by specifying the clock frequency on the port that the interconnect's clock is connected to.
ERROR:EDK:4125 - IPNAME: axi_interconnect, INSTANCE: axi_interconnect_0, PORT: INTERCONNECT_ARESETN - ASSIGNMENT=REQUIRE is defined in the MPD. You must specify a connection in the MHS. 
Assigned Driver gpio 3.01.a for instance axi_gpio_0
axi_gpio_0 has been added to the project
WARNING:EDK:3712 - IPNAME: axi_interconnect, INSTANCE: axi_interconnect_0 - Frequency of the interconnect's clock port could not be determined. All IPs in the design will be considered to be asynchronous with respect to the interconnect. This will lead to more resource usage. You can avoid this by specifying the clock frequency on the port that the interconnect's clock is connected to.
ERROR:EDK:4125 - IPNAME: axi_interconnect, INSTANCE: axi_interconnect_0, PORT: INTERCONNECT_ARESETN - ASSIGNMENT=REQUIRE is defined in the MPD. You must specify a connection in the MHS. 
ERROR:EDK:4125 - IPNAME: axi_gpio, INSTANCE: axi_gpio_0, PARAMETER: C_BASEADDR - ASSIGNMENT=REQUIRE is defined in the MPD. You must specify a value in the MHS. 
ERROR:EDK:4125 - IPNAME: axi_gpio, INSTANCE: axi_gpio_0, PARAMETER: C_HIGHADDR - ASSIGNMENT=REQUIRE is defined in the MPD. You must specify a value in the MHS. 
WARNING:EDK:2137 - Peripheral axi_gpio_0 is not accessible from any processor in the system. Check Bus Interface connections and address parameters. 
Address Map for Processor microblaze_0
  (0000000000-0x0000ffff) microblaze_0_d_bram_ctrl	microblaze_0_dlmb
  (0000000000-0x0000ffff) microblaze_0_i_bram_ctrl	microblaze_0_ilmb
  (0x40000000-0x4000ffff) dip_gpio	axi4lite_0
  (0x40040000-0x4004ffff) push_gpio	axi4lite_0
  (0x40080000-0x4008ffff) led_gpio	axi4lite_0
  (0x41400000-0x4140ffff) debug_module	axi4lite_0
WARNING:EDK:3712 - IPNAME: axi_interconnect, INSTANCE: axi_interconnect_0 - Frequency of the interconnect's clock port could not be determined. All IPs in the design will be considered to be asynchronous with respect to the interconnect. This will lead to more resource usage. You can avoid this by specifying the clock frequency on the port that the interconnect's clock is connected to.
ERROR:EDK:4125 - IPNAME: axi_interconnect, INSTANCE: axi_interconnect_0, PORT: INTERCONNECT_ARESETN - ASSIGNMENT=REQUIRE is defined in the MPD. You must specify a connection in the MHS. 
WARNING:EDK:3712 - IPNAME: axi_interconnect, INSTANCE: axi_interconnect_0 - Frequency of the interconnect's clock port could not be determined. All IPs in the design will be considered to be asynchronous with respect to the interconnect. This will lead to more resource usage. You can avoid this by specifying the clock frequency on the port that the interconnect's clock is connected to.
ERROR:EDK:4125 - IPNAME: axi_interconnect, INSTANCE: axi_interconnect_0, PORT: INTERCONNECT_ARESETN - ASSIGNMENT=REQUIRE is defined in the MPD. You must specify a connection in the MHS. 
WARNING:EDK:3712 - IPNAME: axi_interconnect, INSTANCE: axi_interconnect_0 - Frequency of the interconnect's clock port could not be determined. All IPs in the design will be considered to be asynchronous with respect to the interconnect. This will lead to more resource usage. You can avoid this by specifying the clock frequency on the port that the interconnect's clock is connected to.
ERROR:EDK:4125 - IPNAME: axi_interconnect, INSTANCE: axi_interconnect_0, PORT: INTERCONNECT_ARESETN - ASSIGNMENT=REQUIRE is defined in the MPD. You must specify a connection in the MHS. 
INFO:EDK - Use dip_gpio as reference
INFO:EDK - Connect bus interface S_AXI to axi4lite_0
INFO:EDK - Connect clock port S_AXI_ACLK to clk_100_0000MHz
INFO:EDK - External IO port grouping doneINFO:EDK - Generate address successfully
INFO:EDK - Successfully finished auto bus connection for IP instance: led_gpio
Assigned Driver tmrctr 2.05.a for instance axi_timer_0
axi_timer_0 has been added to the project
WARNING:EDK:3712 - IPNAME: axi_interconnect, INSTANCE: axi_interconnect_0 - Frequency of the interconnect's clock port could not be determined. All IPs in the design will be considered to be asynchronous with respect to the interconnect. This will lead to more resource usage. You can avoid this by specifying the clock frequency on the port that the interconnect's clock is connected to.
ERROR:EDK:4125 - IPNAME: axi_interconnect, INSTANCE: axi_interconnect_0, PORT: INTERCONNECT_ARESETN - ASSIGNMENT=REQUIRE is defined in the MPD. You must specify a connection in the MHS. 
ERROR:EDK:4125 - IPNAME: axi_timer, INSTANCE: axi_timer_0, PARAMETER: C_BASEADDR - ASSIGNMENT=REQUIRE is defined in the MPD. You must specify a value in the MHS. 
ERROR:EDK:4125 - IPNAME: axi_timer, INSTANCE: axi_timer_0, PARAMETER: C_HIGHADDR - ASSIGNMENT=REQUIRE is defined in the MPD. You must specify a value in the MHS. 
WARNING:EDK:2137 - Peripheral axi_timer_0 is not accessible from any processor in the system. Check Bus Interface connections and address parameters. 
Address Map for Processor microblaze_0
  (0000000000-0x0000ffff) microblaze_0_d_bram_ctrl	microblaze_0_dlmb
  (0000000000-0x0000ffff) microblaze_0_i_bram_ctrl	microblaze_0_ilmb
  (0x40000000-0x4000ffff) dip_gpio	axi4lite_0
  (0x40040000-0x4004ffff) push_gpio	axi4lite_0
  (0x40080000-0x4008ffff) led_gpio	axi4lite_0
  (0x41400000-0x4140ffff) debug_module	axi4lite_0
  (0x41c00000-0x41c0ffff) axi_timer_0	axi4lite_0
WARNING:EDK:3712 - IPNAME: axi_interconnect, INSTANCE: axi_interconnect_0 - Frequency of the interconnect's clock port could not be determined. All IPs in the design will be considered to be asynchronous with respect to the interconnect. This will lead to more resource usage. You can avoid this by specifying the clock frequency on the port that the interconnect's clock is connected to.
ERROR:EDK:4125 - IPNAME: axi_interconnect, INSTANCE: axi_interconnect_0, PORT: INTERCONNECT_ARESETN - ASSIGNMENT=REQUIRE is defined in the MPD. You must specify a connection in the MHS. 
WARNING:EDK:3712 - IPNAME: axi_interconnect, INSTANCE: axi_interconnect_0 - Frequency of the interconnect's clock port could not be determined. All IPs in the design will be considered to be asynchronous with respect to the interconnect. This will lead to more resource usage. You can avoid this by specifying the clock frequency on the port that the interconnect's clock is connected to.
ERROR:EDK:4125 - IPNAME: axi_interconnect, INSTANCE: axi_interconnect_0, PORT: INTERCONNECT_ARESETN - ASSIGNMENT=REQUIRE is defined in the MPD. You must specify a connection in the MHS. 
WARNING:EDK:3712 - IPNAME: axi_interconnect, INSTANCE: axi_interconnect_0 - Frequency of the interconnect's clock port could not be determined. All IPs in the design will be considered to be asynchronous with respect to the interconnect. This will lead to more resource usage. You can avoid this by specifying the clock frequency on the port that the interconnect's clock is connected to.
ERROR:EDK:4125 - IPNAME: axi_interconnect, INSTANCE: axi_interconnect_0, PORT: INTERCONNECT_ARESETN - ASSIGNMENT=REQUIRE is defined in the MPD. You must specify a connection in the MHS. 
INFO:EDK - Use dip_gpio as reference
INFO:EDK - Connect bus interface S_AXI to axi4lite_0
INFO:EDK - Connect clock port S_AXI_ACLK to clk_100_0000MHz
INFO:EDK - External IO port grouping doneINFO:EDK - Generate address successfully
INFO:EDK - Successfully finished auto bus connection for IP instance: axi_timer_0
Assigned Driver tmrctr 2.05.a for instance axi_timer_1
axi_timer_1 has been added to the project
WARNING:EDK:3712 - IPNAME: axi_interconnect, INSTANCE: axi_interconnect_0 - Frequency of the interconnect's clock port could not be determined. All IPs in the design will be considered to be asynchronous with respect to the interconnect. This will lead to more resource usage. You can avoid this by specifying the clock frequency on the port that the interconnect's clock is connected to.
ERROR:EDK:4125 - IPNAME: axi_interconnect, INSTANCE: axi_interconnect_0, PORT: INTERCONNECT_ARESETN - ASSIGNMENT=REQUIRE is defined in the MPD. You must specify a connection in the MHS. 
ERROR:EDK:4125 - IPNAME: axi_timer, INSTANCE: axi_timer_1, PARAMETER: C_BASEADDR - ASSIGNMENT=REQUIRE is defined in the MPD. You must specify a value in the MHS. 
ERROR:EDK:4125 - IPNAME: axi_timer, INSTANCE: axi_timer_1, PARAMETER: C_HIGHADDR - ASSIGNMENT=REQUIRE is defined in the MPD. You must specify a value in the MHS. 
WARNING:EDK:2137 - Peripheral axi_timer_1 is not accessible from any processor in the system. Check Bus Interface connections and address parameters. 
Address Map for Processor microblaze_0
  (0000000000-0x0000ffff) microblaze_0_d_bram_ctrl	microblaze_0_dlmb
  (0000000000-0x0000ffff) microblaze_0_i_bram_ctrl	microblaze_0_ilmb
  (0x40000000-0x4000ffff) dip_gpio	axi4lite_0
  (0x40040000-0x4004ffff) push_gpio	axi4lite_0
  (0x40080000-0x4008ffff) led_gpio	axi4lite_0
  (0x41400000-0x4140ffff) debug_module	axi4lite_0
  (0x41c00000-0x41c0ffff) axi_timer_0	axi4lite_0
  (0x41c40000-0x41c4ffff) axi_timer_1	axi4lite_0
WARNING:EDK:3712 - IPNAME: axi_interconnect, INSTANCE: axi_interconnect_0 - Frequency of the interconnect's clock port could not be determined. All IPs in the design will be considered to be asynchronous with respect to the interconnect. This will lead to more resource usage. You can avoid this by specifying the clock frequency on the port that the interconnect's clock is connected to.
ERROR:EDK:4125 - IPNAME: axi_interconnect, INSTANCE: axi_interconnect_0, PORT: INTERCONNECT_ARESETN - ASSIGNMENT=REQUIRE is defined in the MPD. You must specify a connection in the MHS. 
WARNING:EDK:3712 - IPNAME: axi_interconnect, INSTANCE: axi_interconnect_0 - Frequency of the interconnect's clock port could not be determined. All IPs in the design will be considered to be asynchronous with respect to the interconnect. This will lead to more resource usage. You can avoid this by specifying the clock frequency on the port that the interconnect's clock is connected to.
ERROR:EDK:4125 - IPNAME: axi_interconnect, INSTANCE: axi_interconnect_0, PORT: INTERCONNECT_ARESETN - ASSIGNMENT=REQUIRE is defined in the MPD. You must specify a connection in the MHS. 
WARNING:EDK:3712 - IPNAME: axi_interconnect, INSTANCE: axi_interconnect_0 - Frequency of the interconnect's clock port could not be determined. All IPs in the design will be considered to be asynchronous with respect to the interconnect. This will lead to more resource usage. You can avoid this by specifying the clock frequency on the port that the interconnect's clock is connected to.
ERROR:EDK:4125 - IPNAME: axi_interconnect, INSTANCE: axi_interconnect_0, PORT: INTERCONNECT_ARESETN - ASSIGNMENT=REQUIRE is defined in the MPD. You must specify a connection in the MHS. 
INFO:EDK - Use axi_timer_0 as reference
INFO:EDK - Connect bus interface S_AXI to axi4lite_0
INFO:EDK - Connect clock port S_AXI_ACLK to clk_100_0000MHz
INFO:EDK - External IO port grouping doneINFO:EDK - Generate address successfully
INFO:EDK - Successfully finished auto bus connection for IP instance: axi_timer_1
Assigned Driver intc 2.06.a for instance axi_intc_0
axi_intc_0 has been added to the project
WARNING:EDK:3712 - IPNAME: axi_interconnect, INSTANCE: axi_interconnect_0 - Frequency of the interconnect's clock port could not be determined. All IPs in the design will be considered to be asynchronous with respect to the interconnect. This will lead to more resource usage. You can avoid this by specifying the clock frequency on the port that the interconnect's clock is connected to.
ERROR:EDK:4125 - IPNAME: axi_interconnect, INSTANCE: axi_interconnect_0, PORT: INTERCONNECT_ARESETN - ASSIGNMENT=REQUIRE is defined in the MPD. You must specify a connection in the MHS. 
ERROR:EDK:4125 - IPNAME: axi_intc, INSTANCE: axi_intc_0, PARAMETER: C_BASEADDR - ASSIGNMENT=REQUIRE is defined in the MPD. You must specify a value in the MHS. 
ERROR:EDK:4125 - IPNAME: axi_intc, INSTANCE: axi_intc_0, PARAMETER: C_HIGHADDR - ASSIGNMENT=REQUIRE is defined in the MPD. You must specify a value in the MHS. 
WARNING:EDK:2137 - Peripheral axi_intc_0 is not accessible from any processor in the system. Check Bus Interface connections and address parameters. 
Address Map for Processor microblaze_0
  (0000000000-0x0000ffff) microblaze_0_d_bram_ctrl	microblaze_0_dlmb
  (0000000000-0x0000ffff) microblaze_0_i_bram_ctrl	microblaze_0_ilmb
  (0x40000000-0x4000ffff) dip_gpio	axi4lite_0
  (0x40040000-0x4004ffff) push_gpio	axi4lite_0
  (0x40080000-0x4008ffff) led_gpio	axi4lite_0
  (0x41200000-0x4120ffff) axi_intc_0	axi4lite_0
  (0x41400000-0x4140ffff) debug_module	axi4lite_0
  (0x41c00000-0x41c0ffff) axi_timer_0	axi4lite_0
  (0x41c40000-0x41c4ffff) axi_timer_1	axi4lite_0
WARNING:EDK:3712 - IPNAME: axi_interconnect, INSTANCE: axi_interconnect_0 - Frequency of the interconnect's clock port could not be determined. All IPs in the design will be considered to be asynchronous with respect to the interconnect. This will lead to more resource usage. You can avoid this by specifying the clock frequency on the port that the interconnect's clock is connected to.
ERROR:EDK:4125 - IPNAME: axi_interconnect, INSTANCE: axi_interconnect_0, PORT: INTERCONNECT_ARESETN - ASSIGNMENT=REQUIRE is defined in the MPD. You must specify a connection in the MHS. 
WARNING:EDK:3712 - IPNAME: axi_interconnect, INSTANCE: axi_interconnect_0 - Frequency of the interconnect's clock port could not be determined. All IPs in the design will be considered to be asynchronous with respect to the interconnect. This will lead to more resource usage. You can avoid this by specifying the clock frequency on the port that the interconnect's clock is connected to.
ERROR:EDK:4125 - IPNAME: axi_interconnect, INSTANCE: axi_interconnect_0, PORT: INTERCONNECT_ARESETN - ASSIGNMENT=REQUIRE is defined in the MPD. You must specify a connection in the MHS. 
WARNING:EDK:3712 - IPNAME: axi_interconnect, INSTANCE: axi_interconnect_0 - Frequency of the interconnect's clock port could not be determined. All IPs in the design will be considered to be asynchronous with respect to the interconnect. This will lead to more resource usage. You can avoid this by specifying the clock frequency on the port that the interconnect's clock is connected to.
ERROR:EDK:4125 - IPNAME: axi_interconnect, INSTANCE: axi_interconnect_0, PORT: INTERCONNECT_ARESETN - ASSIGNMENT=REQUIRE is defined in the MPD. You must specify a connection in the MHS. 
INFO:EDK - Use dip_gpio as reference
INFO:EDK - Connect bus interface S_AXI to axi4lite_0
INFO:EDK - Connect clock port S_AXI_ACLK to clk_100_0000MHz
INFO:EDK - External IO port grouping doneINFO:EDK - Generate address successfully
INFO:EDK - Successfully finished auto bus connection for IP instance: axi_intc_0
ERROR:EDK:4125 - IPNAME: axi_interconnect, INSTANCE: axi_interconnect_0, PORT: INTERCONNECT_ARESETN - ASSIGNMENT=REQUIRE is defined in the MPD. You must specify a connection in the MHS. 
Assigned Driver s6_ddrx 1.00.a for instance axi_s6_ddrx_0
axi_s6_ddrx_0 has been added to the project
ERROR:EDK:4125 - IPNAME: axi_s6_ddrx, INSTANCE: axi_s6_ddrx_0, PORT: sysclk_2x - ASSIGNMENT=REQUIRE is defined in the MPD. You must specify a connection in the MHS. 
ERROR:EDK:4125 - IPNAME: axi_s6_ddrx, INSTANCE: axi_s6_ddrx_0, PORT: sysclk_2x_180 - ASSIGNMENT=REQUIRE is defined in the MPD. You must specify a connection in the MHS. 
ERROR:EDK:4125 - IPNAME: axi_s6_ddrx, INSTANCE: axi_s6_ddrx_0, PORT: pll_lock - ASSIGNMENT=REQUIRE is defined in the MPD. You must specify a connection in the MHS. 
ERROR:EDK:4125 - IPNAME: axi_s6_ddrx, INSTANCE: axi_s6_ddrx_0, PORT: mcbx_dram_addr - ASSIGNMENT=REQUIRE is defined in the MPD. You must specify a connection in the MHS. 
ERROR:EDK:4125 - IPNAME: axi_s6_ddrx, INSTANCE: axi_s6_ddrx_0, PORT: mcbx_dram_ba - ASSIGNMENT=REQUIRE is defined in the MPD. You must specify a connection in the MHS. 
ERROR:EDK:4125 - IPNAME: axi_s6_ddrx, INSTANCE: axi_s6_ddrx_0, PORT: mcbx_dram_ras_n - ASSIGNMENT=REQUIRE is defined in the MPD. You must specify a connection in the MHS. 
ERROR:EDK:4125 - IPNAME: axi_s6_ddrx, INSTANCE: axi_s6_ddrx_0, PORT: mcbx_dram_cas_n - ASSIGNMENT=REQUIRE is defined in the MPD. You must specify a connection in the MHS. 
ERROR:EDK:4125 - IPNAME: axi_s6_ddrx, INSTANCE: axi_s6_ddrx_0, PORT: mcbx_dram_we_n - ASSIGNMENT=REQUIRE is defined in the MPD. You must specify a connection in the MHS. 
ERROR:EDK:4125 - IPNAME: axi_s6_ddrx, INSTANCE: axi_s6_ddrx_0, PORT: mcbx_dram_cke - ASSIGNMENT=REQUIRE is defined in the MPD. You must specify a connection in the MHS. 
ERROR:EDK:4125 - IPNAME: axi_s6_ddrx, INSTANCE: axi_s6_ddrx_0, PORT: mcbx_dram_clk - ASSIGNMENT=REQUIRE is defined in the MPD. You must specify a connection in the MHS. 
ERROR:EDK:4125 - IPNAME: axi_s6_ddrx, INSTANCE: axi_s6_ddrx_0, PORT: mcbx_dram_clk_n - ASSIGNMENT=REQUIRE is defined in the MPD. You must specify a connection in the MHS. 
ERROR:EDK:4125 - IPNAME: axi_s6_ddrx, INSTANCE: axi_s6_ddrx_0, PORT: mcbx_dram_dq - ASSIGNMENT=REQUIRE is defined in the MPD. You must specify a connection in the MHS. 
ERROR:EDK:4125 - IPNAME: axi_s6_ddrx, INSTANCE: axi_s6_ddrx_0, PORT: mcbx_dram_dqs - ASSIGNMENT=REQUIRE is defined in the MPD. You must specify a connection in the MHS. 
ERROR:EDK:4125 - IPNAME: axi_s6_ddrx, INSTANCE: axi_s6_ddrx_0, PORT: mcbx_dram_dqs_n - ASSIGNMENT=REQUIRE is defined in the MPD. You must specify a connection in the MHS. 
ERROR:EDK:4125 - IPNAME: axi_s6_ddrx, INSTANCE: axi_s6_ddrx_0, PORT: mcbx_dram_udqs - ASSIGNMENT=REQUIRE is defined in the MPD. You must specify a connection in the MHS. 
ERROR:EDK:4125 - IPNAME: axi_s6_ddrx, INSTANCE: axi_s6_ddrx_0, PORT: mcbx_dram_udqs_n - ASSIGNMENT=REQUIRE is defined in the MPD. You must specify a connection in the MHS. 
ERROR:EDK:4125 - IPNAME: axi_s6_ddrx, INSTANCE: axi_s6_ddrx_0, PORT: mcbx_dram_udm - ASSIGNMENT=REQUIRE is defined in the MPD. You must specify a connection in the MHS. 
ERROR:EDK:4125 - IPNAME: axi_s6_ddrx, INSTANCE: axi_s6_ddrx_0, PORT: mcbx_dram_ldm - ASSIGNMENT=REQUIRE is defined in the MPD. You must specify a connection in the MHS. 
ERROR:EDK:4125 - IPNAME: axi_s6_ddrx, INSTANCE: axi_s6_ddrx_0, PORT: mcbx_dram_odt - ASSIGNMENT=REQUIRE is defined in the MPD. You must specify a connection in the MHS. 
ERROR:EDK:4125 - IPNAME: axi_s6_ddrx, INSTANCE: axi_s6_ddrx_0, PORT: rzq - ASSIGNMENT=REQUIRE is defined in the MPD. You must specify a connection in the MHS. 
ERROR:EDK:4125 - IPNAME: axi_s6_ddrx, INSTANCE: axi_s6_ddrx_0, PORT: zio - ASSIGNMENT=REQUIRE is defined in the MPD. You must specify a connection in the MHS. 
ERROR:EDK:4125 - IPNAME: axi_s6_ddrx, INSTANCE: axi_s6_ddrx_0, PORT: ui_clk - ASSIGNMENT=REQUIRE is defined in the MPD. You must specify a connection in the MHS. 
ERROR:EDK:4125 - IPNAME: axi_s6_ddrx, INSTANCE: axi_s6_ddrx_0, PARAMETER: C_MEM_PARTNO - ASSIGNMENT=REQUIRE is defined in the MPD. You must specify a value in the MHS. 
WARNING:EDK:2137 - Peripheral axi_s6_ddrx_0 is not accessible from any processor in the system. Check Bus Interface connections and address parameters. 
ERROR:EDK:4125 - IPNAME: axi_s6_ddrx, INSTANCE: axi_s6_ddrx_0, PORT: sysclk_2x - ASSIGNMENT=REQUIRE is defined in the MPD. You must specify a connection in the MHS. 
ERROR:EDK:4125 - IPNAME: axi_s6_ddrx, INSTANCE: axi_s6_ddrx_0, PORT: sysclk_2x_180 - ASSIGNMENT=REQUIRE is defined in the MPD. You must specify a connection in the MHS. 
ERROR:EDK:4125 - IPNAME: axi_s6_ddrx, INSTANCE: axi_s6_ddrx_0, PORT: pll_lock - ASSIGNMENT=REQUIRE is defined in the MPD. You must specify a connection in the MHS. 
ERROR:EDK:4125 - IPNAME: axi_s6_ddrx, INSTANCE: axi_s6_ddrx_0, PORT: mcbx_dram_addr - ASSIGNMENT=REQUIRE is defined in the MPD. You must specify a connection in the MHS. 
ERROR:EDK:4125 - IPNAME: axi_s6_ddrx, INSTANCE: axi_s6_ddrx_0, PORT: mcbx_dram_ba - ASSIGNMENT=REQUIRE is defined in the MPD. You must specify a connection in the MHS. 
ERROR:EDK:4125 - IPNAME: axi_s6_ddrx, INSTANCE: axi_s6_ddrx_0, PORT: mcbx_dram_ras_n - ASSIGNMENT=REQUIRE is defined in the MPD. You must specify a connection in the MHS. 
ERROR:EDK:4125 - IPNAME: axi_s6_ddrx, INSTANCE: axi_s6_ddrx_0, PORT: mcbx_dram_cas_n - ASSIGNMENT=REQUIRE is defined in the MPD. You must specify a connection in the MHS. 
ERROR:EDK:4125 - IPNAME: axi_s6_ddrx, INSTANCE: axi_s6_ddrx_0, PORT: mcbx_dram_we_n - ASSIGNMENT=REQUIRE is defined in the MPD. You must specify a connection in the MHS. 
ERROR:EDK:4125 - IPNAME: axi_s6_ddrx, INSTANCE: axi_s6_ddrx_0, PORT: mcbx_dram_cke - ASSIGNMENT=REQUIRE is defined in the MPD. You must specify a connection in the MHS. 
ERROR:EDK:4125 - IPNAME: axi_s6_ddrx, INSTANCE: axi_s6_ddrx_0, PORT: mcbx_dram_clk - ASSIGNMENT=REQUIRE is defined in the MPD. You must specify a connection in the MHS. 
ERROR:EDK:4125 - IPNAME: axi_s6_ddrx, INSTANCE: axi_s6_ddrx_0, PORT: mcbx_dram_clk_n - ASSIGNMENT=REQUIRE is defined in the MPD. You must specify a connection in the MHS. 
ERROR:EDK:4125 - IPNAME: axi_s6_ddrx, INSTANCE: axi_s6_ddrx_0, PORT: mcbx_dram_dq - ASSIGNMENT=REQUIRE is defined in the MPD. You must specify a connection in the MHS. 
ERROR:EDK:4125 - IPNAME: axi_s6_ddrx, INSTANCE: axi_s6_ddrx_0, PORT: mcbx_dram_dqs - ASSIGNMENT=REQUIRE is defined in the MPD. You must specify a connection in the MHS. 
ERROR:EDK:4125 - IPNAME: axi_s6_ddrx, INSTANCE: axi_s6_ddrx_0, PORT: mcbx_dram_dqs_n - ASSIGNMENT=REQUIRE is defined in the MPD. You must specify a connection in the MHS. 
ERROR:EDK:4125 - IPNAME: axi_s6_ddrx, INSTANCE: axi_s6_ddrx_0, PORT: mcbx_dram_udqs - ASSIGNMENT=REQUIRE is defined in the MPD. You must specify a connection in the MHS. 
ERROR:EDK:4125 - IPNAME: axi_s6_ddrx, INSTANCE: axi_s6_ddrx_0, PORT: mcbx_dram_udqs_n - ASSIGNMENT=REQUIRE is defined in the MPD. You must specify a connection in the MHS. 
ERROR:EDK:4125 - IPNAME: axi_s6_ddrx, INSTANCE: axi_s6_ddrx_0, PORT: mcbx_dram_udm - ASSIGNMENT=REQUIRE is defined in the MPD. You must specify a connection in the MHS. 
ERROR:EDK:4125 - IPNAME: axi_s6_ddrx, INSTANCE: axi_s6_ddrx_0, PORT: mcbx_dram_ldm - ASSIGNMENT=REQUIRE is defined in the MPD. You must specify a connection in the MHS. 
ERROR:EDK:4125 - IPNAME: axi_s6_ddrx, INSTANCE: axi_s6_ddrx_0, PORT: mcbx_dram_odt - ASSIGNMENT=REQUIRE is defined in the MPD. You must specify a connection in the MHS. 
ERROR:EDK:4125 - IPNAME: axi_s6_ddrx, INSTANCE: axi_s6_ddrx_0, PORT: rzq - ASSIGNMENT=REQUIRE is defined in the MPD. You must specify a connection in the MHS. 
ERROR:EDK:4125 - IPNAME: axi_s6_ddrx, INSTANCE: axi_s6_ddrx_0, PORT: zio - ASSIGNMENT=REQUIRE is defined in the MPD. You must specify a connection in the MHS. 
ERROR:EDK:4125 - IPNAME: axi_s6_ddrx, INSTANCE: axi_s6_ddrx_0, PORT: ui_clk - ASSIGNMENT=REQUIRE is defined in the MPD. You must specify a connection in the MHS. 
WARNING:EDK:2137 - Peripheral axi_s6_ddrx_0 is not accessible from any processor in the system. Check Bus Interface connections and address parameters. 
WARNING:EDK - Can not find interconnect instance which is connected to M_AXI_DC in microblaze_0
WARNING:EDK - Can not find interconnect instance which is connected to M_AXI_IC in microblaze_0
WARNING:EDK - Please connect bus interface, set up port and generate address manually
ERROR:EDK:4125 - IPNAME: axi_s6_ddrx, INSTANCE: axi_s6_ddrx_0, PORT: sysclk_2x - ASSIGNMENT=REQUIRE is defined in the MPD. You must specify a connection in the MHS. 
ERROR:EDK:4125 - IPNAME: axi_s6_ddrx, INSTANCE: axi_s6_ddrx_0, PORT: sysclk_2x_180 - ASSIGNMENT=REQUIRE is defined in the MPD. You must specify a connection in the MHS. 
ERROR:EDK:4125 - IPNAME: axi_s6_ddrx, INSTANCE: axi_s6_ddrx_0, PORT: pll_lock - ASSIGNMENT=REQUIRE is defined in the MPD. You must specify a connection in the MHS. 
ERROR:EDK:4125 - IPNAME: axi_s6_ddrx, INSTANCE: axi_s6_ddrx_0, PORT: mcbx_dram_addr - ASSIGNMENT=REQUIRE is defined in the MPD. You must specify a connection in the MHS. 
ERROR:EDK:4125 - IPNAME: axi_s6_ddrx, INSTANCE: axi_s6_ddrx_0, PORT: mcbx_dram_ba - ASSIGNMENT=REQUIRE is defined in the MPD. You must specify a connection in the MHS. 
ERROR:EDK:4125 - IPNAME: axi_s6_ddrx, INSTANCE: axi_s6_ddrx_0, PORT: mcbx_dram_ras_n - ASSIGNMENT=REQUIRE is defined in the MPD. You must specify a connection in the MHS. 
ERROR:EDK:4125 - IPNAME: axi_s6_ddrx, INSTANCE: axi_s6_ddrx_0, PORT: mcbx_dram_cas_n - ASSIGNMENT=REQUIRE is defined in the MPD. You must specify a connection in the MHS. 
ERROR:EDK:4125 - IPNAME: axi_s6_ddrx, INSTANCE: axi_s6_ddrx_0, PORT: mcbx_dram_we_n - ASSIGNMENT=REQUIRE is defined in the MPD. You must specify a connection in the MHS. 
ERROR:EDK:4125 - IPNAME: axi_s6_ddrx, INSTANCE: axi_s6_ddrx_0, PORT: mcbx_dram_cke - ASSIGNMENT=REQUIRE is defined in the MPD. You must specify a connection in the MHS. 
ERROR:EDK:4125 - IPNAME: axi_s6_ddrx, INSTANCE: axi_s6_ddrx_0, PORT: mcbx_dram_clk - ASSIGNMENT=REQUIRE is defined in the MPD. You must specify a connection in the MHS. 
ERROR:EDK:4125 - IPNAME: axi_s6_ddrx, INSTANCE: axi_s6_ddrx_0, PORT: mcbx_dram_clk_n - ASSIGNMENT=REQUIRE is defined in the MPD. You must specify a connection in the MHS. 
ERROR:EDK:4125 - IPNAME: axi_s6_ddrx, INSTANCE: axi_s6_ddrx_0, PORT: mcbx_dram_dq - ASSIGNMENT=REQUIRE is defined in the MPD. You must specify a connection in the MHS. 
ERROR:EDK:4125 - IPNAME: axi_s6_ddrx, INSTANCE: axi_s6_ddrx_0, PORT: mcbx_dram_dqs - ASSIGNMENT=REQUIRE is defined in the MPD. You must specify a connection in the MHS. 
ERROR:EDK:4125 - IPNAME: axi_s6_ddrx, INSTANCE: axi_s6_ddrx_0, PORT: mcbx_dram_dqs_n - ASSIGNMENT=REQUIRE is defined in the MPD. You must specify a connection in the MHS. 
ERROR:EDK:4125 - IPNAME: axi_s6_ddrx, INSTANCE: axi_s6_ddrx_0, PORT: mcbx_dram_udqs - ASSIGNMENT=REQUIRE is defined in the MPD. You must specify a connection in the MHS. 
ERROR:EDK:4125 - IPNAME: axi_s6_ddrx, INSTANCE: axi_s6_ddrx_0, PORT: mcbx_dram_udqs_n - ASSIGNMENT=REQUIRE is defined in the MPD. You must specify a connection in the MHS. 
ERROR:EDK:4125 - IPNAME: axi_s6_ddrx, INSTANCE: axi_s6_ddrx_0, PORT: mcbx_dram_udm - ASSIGNMENT=REQUIRE is defined in the MPD. You must specify a connection in the MHS. 
ERROR:EDK:4125 - IPNAME: axi_s6_ddrx, INSTANCE: axi_s6_ddrx_0, PORT: mcbx_dram_ldm - ASSIGNMENT=REQUIRE is defined in the MPD. You must specify a connection in the MHS. 
ERROR:EDK:4125 - IPNAME: axi_s6_ddrx, INSTANCE: axi_s6_ddrx_0, PORT: mcbx_dram_odt - ASSIGNMENT=REQUIRE is defined in the MPD. You must specify a connection in the MHS. 
ERROR:EDK:4125 - IPNAME: axi_s6_ddrx, INSTANCE: axi_s6_ddrx_0, PORT: rzq - ASSIGNMENT=REQUIRE is defined in the MPD. You must specify a connection in the MHS. 
ERROR:EDK:4125 - IPNAME: axi_s6_ddrx, INSTANCE: axi_s6_ddrx_0, PORT: zio - ASSIGNMENT=REQUIRE is defined in the MPD. You must specify a connection in the MHS. 
ERROR:EDK:4125 - IPNAME: axi_s6_ddrx, INSTANCE: axi_s6_ddrx_0, PORT: ui_clk - ASSIGNMENT=REQUIRE is defined in the MPD. You must specify a connection in the MHS. 
WARNING:EDK:2137 - Peripheral axi_s6_ddrx_0 is not accessible from any processor in the system. Check Bus Interface connections and address parameters. 
ERROR:EDK:4125 - IPNAME: axi_s6_ddrx, INSTANCE: axi_s6_ddrx_0, PORT: sysclk_2x - ASSIGNMENT=REQUIRE is defined in the MPD. You must specify a connection in the MHS. 
ERROR:EDK:4125 - IPNAME: axi_s6_ddrx, INSTANCE: axi_s6_ddrx_0, PORT: sysclk_2x_180 - ASSIGNMENT=REQUIRE is defined in the MPD. You must specify a connection in the MHS. 
ERROR:EDK:4125 - IPNAME: axi_s6_ddrx, INSTANCE: axi_s6_ddrx_0, PORT: mcbx_dram_addr - ASSIGNMENT=REQUIRE is defined in the MPD. You must specify a connection in the MHS. 
ERROR:EDK:4125 - IPNAME: axi_s6_ddrx, INSTANCE: axi_s6_ddrx_0, PORT: mcbx_dram_ba - ASSIGNMENT=REQUIRE is defined in the MPD. You must specify a connection in the MHS. 
ERROR:EDK:4125 - IPNAME: axi_s6_ddrx, INSTANCE: axi_s6_ddrx_0, PORT: mcbx_dram_ras_n - ASSIGNMENT=REQUIRE is defined in the MPD. You must specify a connection in the MHS. 
ERROR:EDK:4125 - IPNAME: axi_s6_ddrx, INSTANCE: axi_s6_ddrx_0, PORT: mcbx_dram_cas_n - ASSIGNMENT=REQUIRE is defined in the MPD. You must specify a connection in the MHS. 
ERROR:EDK:4125 - IPNAME: axi_s6_ddrx, INSTANCE: axi_s6_ddrx_0, PORT: mcbx_dram_we_n - ASSIGNMENT=REQUIRE is defined in the MPD. You must specify a connection in the MHS. 
ERROR:EDK:4125 - IPNAME: axi_s6_ddrx, INSTANCE: axi_s6_ddrx_0, PORT: mcbx_dram_cke - ASSIGNMENT=REQUIRE is defined in the MPD. You must specify a connection in the MHS. 
ERROR:EDK:4125 - IPNAME: axi_s6_ddrx, INSTANCE: axi_s6_ddrx_0, PORT: mcbx_dram_clk - ASSIGNMENT=REQUIRE is defined in the MPD. You must specify a connection in the MHS. 
ERROR:EDK:4125 - IPNAME: axi_s6_ddrx, INSTANCE: axi_s6_ddrx_0, PORT: mcbx_dram_clk_n - ASSIGNMENT=REQUIRE is defined in the MPD. You must specify a connection in the MHS. 
ERROR:EDK:4125 - IPNAME: axi_s6_ddrx, INSTANCE: axi_s6_ddrx_0, PORT: mcbx_dram_dq - ASSIGNMENT=REQUIRE is defined in the MPD. You must specify a connection in the MHS. 
ERROR:EDK:4125 - IPNAME: axi_s6_ddrx, INSTANCE: axi_s6_ddrx_0, PORT: mcbx_dram_dqs - ASSIGNMENT=REQUIRE is defined in the MPD. You must specify a connection in the MHS. 
ERROR:EDK:4125 - IPNAME: axi_s6_ddrx, INSTANCE: axi_s6_ddrx_0, PORT: mcbx_dram_dqs_n - ASSIGNMENT=REQUIRE is defined in the MPD. You must specify a connection in the MHS. 
ERROR:EDK:4125 - IPNAME: axi_s6_ddrx, INSTANCE: axi_s6_ddrx_0, PORT: mcbx_dram_udqs - ASSIGNMENT=REQUIRE is defined in the MPD. You must specify a connection in the MHS. 
ERROR:EDK:4125 - IPNAME: axi_s6_ddrx, INSTANCE: axi_s6_ddrx_0, PORT: mcbx_dram_udqs_n - ASSIGNMENT=REQUIRE is defined in the MPD. You must specify a connection in the MHS. 
ERROR:EDK:4125 - IPNAME: axi_s6_ddrx, INSTANCE: axi_s6_ddrx_0, PORT: mcbx_dram_udm - ASSIGNMENT=REQUIRE is defined in the MPD. You must specify a connection in the MHS. 
ERROR:EDK:4125 - IPNAME: axi_s6_ddrx, INSTANCE: axi_s6_ddrx_0, PORT: mcbx_dram_ldm - ASSIGNMENT=REQUIRE is defined in the MPD. You must specify a connection in the MHS. 
ERROR:EDK:4125 - IPNAME: axi_s6_ddrx, INSTANCE: axi_s6_ddrx_0, PORT: mcbx_dram_odt - ASSIGNMENT=REQUIRE is defined in the MPD. You must specify a connection in the MHS. 
ERROR:EDK:4125 - IPNAME: axi_s6_ddrx, INSTANCE: axi_s6_ddrx_0, PORT: rzq - ASSIGNMENT=REQUIRE is defined in the MPD. You must specify a connection in the MHS. 
ERROR:EDK:4125 - IPNAME: axi_s6_ddrx, INSTANCE: axi_s6_ddrx_0, PORT: zio - ASSIGNMENT=REQUIRE is defined in the MPD. You must specify a connection in the MHS. 
ERROR:EDK:4125 - IPNAME: axi_s6_ddrx, INSTANCE: axi_s6_ddrx_0, PORT: ui_clk - ASSIGNMENT=REQUIRE is defined in the MPD. You must specify a connection in the MHS. 
WARNING:EDK:2137 - Peripheral axi_s6_ddrx_0 is not accessible from any processor in the system. Check Bus Interface connections and address parameters. 
ERROR:EDK:4125 - IPNAME: axi_s6_ddrx, INSTANCE: axi_s6_ddrx_0, PORT: sysclk_2x - ASSIGNMENT=REQUIRE is defined in the MPD. You must specify a connection in the MHS. 
ERROR:EDK:4125 - IPNAME: axi_s6_ddrx, INSTANCE: axi_s6_ddrx_0, PORT: sysclk_2x_180 - ASSIGNMENT=REQUIRE is defined in the MPD. You must specify a connection in the MHS. 
ERROR:EDK:4125 - IPNAME: axi_s6_ddrx, INSTANCE: axi_s6_ddrx_0, PORT: ui_clk - ASSIGNMENT=REQUIRE is defined in the MPD. You must specify a connection in the MHS. 
WARNING:EDK:2137 - Peripheral axi_s6_ddrx_0 is not accessible from any processor in the system. Check Bus Interface connections and address parameters. 
WARNING:EDK:4058 - INSTANCE: microblaze_0, BUS_INTERFACE: M_AXI_DC -  is not connected to any slave. 
ERROR:EDK:4125 - IPNAME: axi_s6_ddrx, INSTANCE: axi_s6_ddrx_0, PORT: sysclk_2x - ASSIGNMENT=REQUIRE is defined in the MPD. You must specify a connection in the MHS. 
ERROR:EDK:4125 - IPNAME: axi_s6_ddrx, INSTANCE: axi_s6_ddrx_0, PORT: sysclk_2x_180 - ASSIGNMENT=REQUIRE is defined in the MPD. You must specify a connection in the MHS. 
ERROR:EDK:4125 - IPNAME: axi_s6_ddrx, INSTANCE: axi_s6_ddrx_0, PORT: ui_clk - ASSIGNMENT=REQUIRE is defined in the MPD. You must specify a connection in the MHS. 
WARNING:EDK:2137 - Peripheral axi_s6_ddrx_0 is not accessible from any processor in the system. Check Bus Interface connections and address parameters. 
WARNING:EDK:4058 - INSTANCE: microblaze_0, BUS_INTERFACE: M_AXI_DC -  is not connected to any slave. 
WARNING:EDK:4058 - INSTANCE: microblaze_0, BUS_INTERFACE: M_AXI_IC -  is not connected to any slave. 
ERROR:EDK:4125 - IPNAME: axi_s6_ddrx, INSTANCE: axi_s6_ddrx_0, PORT: sysclk_2x - ASSIGNMENT=REQUIRE is defined in the MPD. You must specify a connection in the MHS. 
ERROR:EDK:4125 - IPNAME: axi_s6_ddrx, INSTANCE: axi_s6_ddrx_0, PORT: sysclk_2x_180 - ASSIGNMENT=REQUIRE is defined in the MPD. You must specify a connection in the MHS. 
ERROR:EDK:4125 - IPNAME: axi_s6_ddrx, INSTANCE: axi_s6_ddrx_0, PORT: ui_clk - ASSIGNMENT=REQUIRE is defined in the MPD. You must specify a connection in the MHS. 
WARNING:EDK:2137 - Peripheral axi_s6_ddrx_0 is not accessible from any processor in the system. Check Bus Interface connections and address parameters. 
WARNING:EDK:4058 - INSTANCE: microblaze_0, BUS_INTERFACE: M_AXI_DC -  is not connected to any slave. 
WARNING:EDK:4058 - INSTANCE: microblaze_0, BUS_INTERFACE: M_AXI_IC -  is not connected to any slave. 
ERROR:EDK:4125 - IPNAME: axi_s6_ddrx, INSTANCE: axi_s6_ddrx_0, PORT: sysclk_2x - ASSIGNMENT=REQUIRE is defined in the MPD. You must specify a connection in the MHS. 
ERROR:EDK:4125 - IPNAME: axi_s6_ddrx, INSTANCE: axi_s6_ddrx_0, PORT: sysclk_2x_180 - ASSIGNMENT=REQUIRE is defined in the MPD. You must specify a connection in the MHS. 
ERROR:EDK:4125 - IPNAME: axi_s6_ddrx, INSTANCE: axi_s6_ddrx_0, PORT: ui_clk - ASSIGNMENT=REQUIRE is defined in the MPD. You must specify a connection in the MHS. 
WARNING:EDK:2137 - Peripheral axi_s6_ddrx_0 is not accessible from any processor in the system. Check Bus Interface connections and address parameters. 
ERROR:EDK:4125 - IPNAME: axi_s6_ddrx, INSTANCE: axi_s6_ddrx_0, PORT: sysclk_2x - ASSIGNMENT=REQUIRE is defined in the MPD. You must specify a connection in the MHS. 
ERROR:EDK:4125 - IPNAME: axi_s6_ddrx, INSTANCE: axi_s6_ddrx_0, PORT: sysclk_2x_180 - ASSIGNMENT=REQUIRE is defined in the MPD. You must specify a connection in the MHS. 
ERROR:EDK:4125 - IPNAME: axi_s6_ddrx, INSTANCE: axi_s6_ddrx_0, PORT: ui_clk - ASSIGNMENT=REQUIRE is defined in the MPD. You must specify a connection in the MHS. 
Address Map for Processor microblaze_0
  (0000000000-0x0000ffff) microblaze_0_d_bram_ctrl	microblaze_0_dlmb
  (0000000000-0x0000ffff) microblaze_0_i_bram_ctrl	microblaze_0_ilmb
  (0x40000000-0x4000ffff) push_gpio	axi4lite_0
  (0x40020000-0x4002ffff) led_gpio	axi4lite_0
  (0x40040000-0x4004ffff) dip_gpio	axi4lite_0
  (0x41200000-0x4120ffff) axi_intc_0	axi4lite_0
  (0x41400000-0x4140ffff) debug_module	axi4lite_0
  (0x41c00000-0x41c0ffff) axi_timer_1	axi4lite_0
  (0x41c20000-0x41c2ffff) axi_timer_0	axi4lite_0
  (0xb0000000-0xbfffffff) axi_s6_ddrx_0	axi_interconnect_0
ERROR:EDK:4125 - IPNAME: axi_s6_ddrx, INSTANCE: axi_s6_ddrx_0, PORT: sysclk_2x - ASSIGNMENT=REQUIRE is defined in the MPD. You must specify a connection in the MHS. 
ERROR:EDK:4125 - IPNAME: axi_s6_ddrx, INSTANCE: axi_s6_ddrx_0, PORT: sysclk_2x_180 - ASSIGNMENT=REQUIRE is defined in the MPD. You must specify a connection in the MHS. 
ERROR:EDK:4125 - IPNAME: axi_s6_ddrx, INSTANCE: axi_s6_ddrx_0, PORT: ui_clk - ASSIGNMENT=REQUIRE is defined in the MPD. You must specify a connection in the MHS. 
Generated Addresses Successfully
ERROR:EDK:4125 - IPNAME: axi_s6_ddrx, INSTANCE: axi_s6_ddrx_0, PORT: sysclk_2x - ASSIGNMENT=REQUIRE is defined in the MPD. You must specify a connection in the MHS. 
ERROR:EDK:4125 - IPNAME: axi_s6_ddrx, INSTANCE: axi_s6_ddrx_0, PORT: sysclk_2x_180 - ASSIGNMENT=REQUIRE is defined in the MPD. You must specify a connection in the MHS. 
ERROR:EDK:4125 - IPNAME: axi_s6_ddrx, INSTANCE: axi_s6_ddrx_0, PORT: ui_clk - ASSIGNMENT=REQUIRE is defined in the MPD. You must specify a connection in the MHS. 
Address Map for Processor microblaze_0
  (0000000000-0x0000ffff) microblaze_0_d_bram_ctrl	microblaze_0_dlmb
  (0000000000-0x0000ffff) microblaze_0_i_bram_ctrl	microblaze_0_ilmb
  (0x40000000-0x4000ffff) push_gpio	axi4lite_0
  (0x40020000-0x4002ffff) led_gpio	axi4lite_0
  (0x40040000-0x4004ffff) dip_gpio	axi4lite_0
  (0x41200000-0x4120ffff) axi_intc_0	axi4lite_0
  (0x41400000-0x4140ffff) debug_module	axi4lite_0
  (0x41c00000-0x41c0ffff) axi_timer_1	axi4lite_0
  (0x41c20000-0x41c2ffff) axi_timer_0	axi4lite_0
  (0xb0000000-0xbfffffff) axi_s6_ddrx_0	axi_interconnect_0
ERROR:EDK:4125 - IPNAME: axi_s6_ddrx, INSTANCE: axi_s6_ddrx_0, PORT: sysclk_2x - ASSIGNMENT=REQUIRE is defined in the MPD. You must specify a connection in the MHS. 
ERROR:EDK:4125 - IPNAME: axi_s6_ddrx, INSTANCE: axi_s6_ddrx_0, PORT: sysclk_2x_180 - ASSIGNMENT=REQUIRE is defined in the MPD. You must specify a connection in the MHS. 
ERROR:EDK:4125 - IPNAME: axi_s6_ddrx, INSTANCE: axi_s6_ddrx_0, PORT: ui_clk - ASSIGNMENT=REQUIRE is defined in the MPD. You must specify a connection in the MHS. 
Generated Addresses Successfully
ERROR:EDK:4125 - IPNAME: axi_s6_ddrx, INSTANCE: axi_s6_ddrx_0, PORT: sysclk_2x - ASSIGNMENT=REQUIRE is defined in the MPD. You must specify a connection in the MHS. 
ERROR:EDK:4125 - IPNAME: axi_s6_ddrx, INSTANCE: axi_s6_ddrx_0, PORT: sysclk_2x_180 - ASSIGNMENT=REQUIRE is defined in the MPD. You must specify a connection in the MHS. 
ERROR:EDK:4125 - IPNAME: axi_s6_ddrx, INSTANCE: axi_s6_ddrx_0, PORT: ui_clk - ASSIGNMENT=REQUIRE is defined in the MPD. You must specify a connection in the MHS. 
Assigned Driver uartlite 2.01.a for instance axi_uartlite_0
axi_uartlite_0 has been added to the project
ERROR:EDK:4125 - IPNAME: axi_uartlite, INSTANCE: axi_uartlite_0, PARAMETER: C_BASEADDR - ASSIGNMENT=REQUIRE is defined in the MPD. You must specify a value in the MHS. 
ERROR:EDK:4125 - IPNAME: axi_uartlite, INSTANCE: axi_uartlite_0, PARAMETER: C_HIGHADDR - ASSIGNMENT=REQUIRE is defined in the MPD. You must specify a value in the MHS. 
WARNING:EDK:2137 - Peripheral axi_uartlite_0 is not accessible from any processor in the system. Check Bus Interface connections and address parameters. 
Address Map for Processor microblaze_0
  (0000000000-0x0000ffff) microblaze_0_d_bram_ctrl	microblaze_0_dlmb
  (0000000000-0x0000ffff) microblaze_0_i_bram_ctrl	microblaze_0_ilmb
  (0x40000000-0x4000ffff) push_gpio	axi4lite_0
  (0x40020000-0x4002ffff) led_gpio	axi4lite_0
  (0x40040000-0x4004ffff) dip_gpio	axi4lite_0
  (0x40600000-0x4060ffff) axi_uartlite_0	axi4lite_0
  (0x41200000-0x4120ffff) axi_intc_0	axi4lite_0
  (0x41400000-0x4140ffff) debug_module	axi4lite_0
  (0x41c00000-0x41c0ffff) axi_timer_1	axi4lite_0
  (0x41c20000-0x41c2ffff) axi_timer_0	axi4lite_0
  (0xb0000000-0xbfffffff) axi_s6_ddrx_0	axi_interconnect_0
INFO:EDK - Use push_gpio as reference
INFO:EDK - Connect bus interface S_AXI to axi4lite_0
INFO:EDK - Connect clock port S_AXI_ACLK to clk_100_0000MHzPLL0
INFO:EDK - External IO port grouping doneINFO:EDK - Generate address successfully
INFO:EDK - Successfully finished auto bus connection for IP instance: axi_uartlite_0
Address Map for Processor microblaze_0
  (0000000000-0x0000ffff) microblaze_0_d_bram_ctrl	microblaze_0_dlmb
  (0000000000-0x0000ffff) microblaze_0_i_bram_ctrl	microblaze_0_ilmb
  (0x40000000-0x4000ffff) push_gpio	axi4lite_0
  (0x40020000-0x4002ffff) led_gpio	axi4lite_0
  (0x40040000-0x4004ffff) dip_gpio	axi4lite_0
  (0x40600000-0x4060ffff) axi_uartlite_0	axi4lite_0
  (0x41200000-0x4120ffff) axi_intc_0	axi4lite_0
  (0x41400000-0x4140ffff) debug_module	axi4lite_0
  (0x41c00000-0x41c0ffff) axi_timer_1	axi4lite_0
  (0x41c20000-0x41c2ffff) axi_timer_0	axi4lite_0
  (0xb0000000-0xbfffffff) axi_s6_ddrx_0	axi_interconnect_0
Generated Addresses Successfully
Address Map for Processor microblaze_0
  (0000000000-0x0000ffff) microblaze_0_d_bram_ctrl	microblaze_0_dlmb
  (0000000000-0x0000ffff) microblaze_0_i_bram_ctrl	microblaze_0_ilmb
  (0x40000000-0x4000ffff) push_gpio	axi4lite_0
  (0x40020000-0x4002ffff) led_gpio	axi4lite_0
  (0x40040000-0x4004ffff) dip_gpio	axi4lite_0
  (0x40600000-0x4060ffff) axi_uartlite_0	axi4lite_0
  (0x41200000-0x4120ffff) axi_intc_0	axi4lite_0
  (0x41400000-0x4140ffff) debug_module	axi4lite_0
  (0x41c00000-0x41c0ffff) axi_timer_1	axi4lite_0
  (0x41c20000-0x41c2ffff) axi_timer_0	axi4lite_0
  (0xb0000000-0xbfffffff) axi_s6_ddrx_0	axi_interconnect_0
Generated Addresses Successfully
