Running: E:\Xilinx\14.7\ISE_DS\ISE\bin\nt64\unwrapped\fuse.exe -intstyle ise -incremental -lib secureip -o E:/FaksHub/2020_2021/2.Semester_2020_2021/LRI2/Labs/Lab1a/Lab1a/uart_top_comlpete_tb_isim_beh.exe -prj E:/FaksHub/2020_2021/2.Semester_2020_2021/LRI2/Labs/Lab1a/Lab1a/uart_top_comlpete_tb_beh.prj work.uart_top_comlpete_tb 
ISim P.20131013 (signature 0x7708f090)
Number of CPUs detected in this system: 8
Turning on mult-threading, number of parallel sub-compilation jobs: 16 
Determining compilation order of HDL files
Parsing VHDL file "E:/FaksHub/2020_2021/2.Semester_2020_2021/LRI2/Labs/Lab1a/Lab1a/uart_transmitter.vhd" into library work
Parsing VHDL file "E:/FaksHub/2020_2021/2.Semester_2020_2021/LRI2/Labs/Lab1a/Lab1a/uart_receiver.vhd" into library work
Parsing VHDL file "E:/FaksHub/2020_2021/2.Semester_2020_2021/LRI2/Labs/Lab1a/Lab1a/baud_rate_generator.vhd" into library work
Parsing VHDL file "E:/FaksHub/2020_2021/2.Semester_2020_2021/LRI2/Labs/Lab1a/Lab1a/uart_controller.vhd" into library work
Parsing VHDL file "E:/FaksHub/2020_2021/2.Semester_2020_2021/LRI2/Labs/Lab1a/Lab1a/echo_device.vhd" into library work
Parsing VHDL file "E:/FaksHub/2020_2021/2.Semester_2020_2021/LRI2/Labs/Lab1a/Lab1a/uart_top.vhd" into library work
Parsing VHDL file "E:/FaksHub/2020_2021/2.Semester_2020_2021/LRI2/Labs/Lab1a/Lab1a/uart_top_comlpete_tb.vhd" into library work
Starting static elaboration
Completed static elaboration
Compiling package standard
Compiling package std_logic_1164
Compiling package numeric_std
Compiling architecture uart_receiver_arch of entity UART_receiver [uart_receiver_default]
Compiling architecture uart_transmitter_arch of entity UART_transmitter [uart_transmitter_default]
Compiling architecture baud_rate_generator_arch of entity baud_rate_generator [baud_rate_generator_default]
Compiling architecture uart_controller_arch of entity UART_controller [uart_controller_default]
Compiling architecture echo_device_arch of entity echo_device [echo_device_default]
Compiling architecture uart_top_arch of entity uart_top [uart_top_default]
Compiling architecture behavior of entity uart_top_comlpete_tb
Time Resolution for simulation is 1ps.
Waiting for 1 sub-compilation(s) to finish...
Compiled 16 VHDL Units
Built simulation executable E:/FaksHub/2020_2021/2.Semester_2020_2021/LRI2/Labs/Lab1a/Lab1a/uart_top_comlpete_tb_isim_beh.exe
Fuse Memory Usage: 36808 KB
Fuse CPU Usage: 671 ms
