Command line:
   uart_top_comlpete_tb_isim_par.exe
     -simmode  gui
     -sdfmax  /uut/=netgen/par/uart_top_timesim.sdf
     -sdfroot  /uut
     -simrunnum  0
     -socket  50769

Thu Apr 08 23:42:27 2021


 Elaboration Time: 0.8125 sec

 Current Memory Usage: 4750.18 Meg

 Total Signals          : 13546
 Total Nets             : 9685
 Total Signal Drivers   : 7609
 Total Blocks           : 2314
 Total Primitive Blocks : 1354
 Total Processes        : 7573
 Total Traceable Variables  : 16407
 Total Scalar Nets and Variables : 90268

 Total Simulation Time: 409.453 sec

 Current Memory Usage: 4750.19 Meg

Fri Apr 09 00:53:09 2021

