Command line:
   uart_top_tb_isim_beh.exe
     -simmode  gui
     -simrunnum  0
     -socket  61850

Wed Mar 24 22:20:14 2021


 Elaboration Time: 0.03125 sec

 Current Memory Usage: 4699.87 Meg

 Total Signals          : 34
 Total Nets             : 34
 Total Signal Drivers   : 19
 Total Blocks           : 6
 Total Primitive Blocks : 4
 Total Processes        : 13
 Total Traceable Variables  : 16
 Total Scalar Nets and Variables : 520
Total Line Count : 75

 Total Simulation Time: 0.0625 sec

 Current Memory Usage: 4699.88 Meg

Wed Mar 24 22:20:20 2021

