Command line:
   baud_rate_generator_isim_beh.exe
     -simmode  gui
     -simrunnum  0
     -socket  59306

Mon Mar 22 02:09:00 2021


 Elaboration Time: 0.046875 sec

 Current Memory Usage: 4700.37 Meg

 Total Signals          : 4
 Total Nets             : 4
 Total Signal Drivers   : 2
 Total Blocks           : 2
 Total Primitive Blocks : 2
 Total Processes        : 2
 Total Traceable Variables  : 8
 Total Scalar Nets and Variables : 364
Total Line Count : 9

 Total Simulation Time: 0.046875 sec

 Current Memory Usage: 4700.37 Meg

Mon Mar 22 02:09:19 2021

