Command line:
   uart_top_comlpete_tb_isim_beh.exe
     -simmode  gui
     -simrunnum  0
     -socket  51086

Thu Apr 08 18:47:20 2021


 Elaboration Time: 0.078125 sec

 Current Memory Usage: 4700.49 Meg

 Total Signals          : 68
 Total Nets             : 69
 Total Signal Drivers   : 33
 Total Blocks           : 9
 Total Primitive Blocks : 6
 Total Processes        : 21
 Total Traceable Variables  : 16
 Total Scalar Nets and Variables : 555
Total Line Count : 144

 Total Simulation Time: 0.484375 sec

 Current Memory Usage: 4700.5 Meg

Thu Apr 08 18:47:27 2021

