Command line:
   UARTtop_isim_beh.exe
     -simmode  gui
     -simrunnum  0
     -socket  59339

Mon Mar 22 02:12:56 2021


 Elaboration Time: 0.03125 sec

 Current Memory Usage: 4700.37 Meg

 Total Signals          : 13
 Total Nets             : 25
 Total Signal Drivers   : 6
 Total Blocks           : 3
 Total Primitive Blocks : 2
 Total Processes        : 2
 Total Traceable Variables  : 8
 Total Scalar Nets and Variables : 385
Total Line Count : 9

 Total Simulation Time: 0.046875 sec

 Current Memory Usage: 4700.37 Meg

Mon Mar 22 02:13:01 2021

