--------------------------------------------------------------------------------
Release 14.7 Trace  (nt64)
Copyright (c) 1995-2013 Xilinx, Inc.  All rights reserved.

E:\Xilinx\14.7\ISE_DS\ISE\bin\nt64\unwrapped\trce.exe -e 3 -xml system.twx
system.ncd system.pcf

Design file:              system.ncd
Physical constraint file: system.pcf
Device,package,speed:     xc6slx45,fgg676,C,-2 (PRODUCTION 1.23 2013-10-13)
Report level:             error report

Environment Variable      Effect 
--------------------      ------ 
NONE                      No environment variables were set
--------------------------------------------------------------------------------

WARNING:Timing:3223 - Timing constraint PATH 
   "TS_TIG_axi_s6_ddrx_0_CALIB_DONE_SYNCH_path" TIG; ignored during timing 
   analysis.
INFO:Timing:3386 - Intersecting Constraints found and resolved.  For more 
   information, see the TSI report.  Please consult the Xilinx Command Line 
   Tools User Guide for information on generating a TSI report.
INFO:Timing:3412 - To improve timing, see the Timing Closure User Guide (UG612).
INFO:Timing:2752 - To get complete path coverage, use the unconstrained paths 
   option. All paths that are not constrained will be reported in the 
   unconstrained paths section(s) of the report.
INFO:Timing:3339 - The clock-to-out numbers in this timing report are based on 
   a 50 Ohm transmission line loading model.  For the details of this model, 
   and for more information on accounting for different loading conditions, 
   please see the device datasheet.

================================================================================
Timing constraint: PATH "TS_TIG_microblaze_0_Reset_path" TIG;

 3 paths analyzed, 3 endpoints analyzed, 0 failing endpoints
 0 timing errors detected. (0 setup errors, 0 hold errors)
--------------------------------------------------------------------------------

================================================================================
Timing constraint: PATH "TS_TIG_microblaze_0_Interrupt_path" TIG;

 1 path analyzed, 1 endpoint analyzed, 0 failing endpoints
 0 timing errors detected. (0 setup errors, 0 hold errors)
--------------------------------------------------------------------------------

================================================================================
Timing constraint: PATH "TS_axi_interconnect_0_reset_resync_path" TIG;

 33 paths analyzed, 24 endpoints analyzed, 0 failing endpoints
 0 timing errors detected. (0 setup errors, 0 hold errors)
--------------------------------------------------------------------------------

================================================================================
Timing constraint: TS_axi_interconnect_0_async_clock_conv = MAXDELAY FROM 
TIMEGRP "RAMS" TO         TIMEGRP "axi_interconnect_0_async_clock_conv_FFDEST" 
10 ns         DATAPATHONLY;
For more information, see From:To (Multicycle) Analysis in the Timing Closure User Guide (UG612).

 144 paths analyzed, 144 endpoints analyzed, 0 failing endpoints
 0 timing errors detected. (0 setup errors, 0 hold errors)
 Maximum delay is   2.956ns.
--------------------------------------------------------------------------------

================================================================================
Timing constraint: PATH "TS_axi4lite_0_reset_resync_path" TIG;

 11 paths analyzed, 8 endpoints analyzed, 0 failing endpoints
 0 timing errors detected. (0 setup errors, 0 hold errors)
--------------------------------------------------------------------------------

================================================================================
Timing constraint: PATH "TS_TIG_axi_s6_ddrx_0_CALIB_DONE_SYNCH_path" TIG;

 0 paths analyzed, 0 endpoints analyzed, 0 failing endpoints
 0 timing errors detected.
--------------------------------------------------------------------------------

================================================================================
Timing constraint: PATH "TS_TIG_axi_s6_ddrx_0_SYS_RST_SYNCH_path" TIG;

 1 path analyzed, 1 endpoint analyzed, 0 failing endpoints
 0 timing errors detected. (0 setup errors, 0 hold errors)
--------------------------------------------------------------------------------

================================================================================
Timing constraint: PATH "TS_TIG_microblaze_0_dlmb_POR_FF_I_path" TIG;

 1 path analyzed, 1 endpoint analyzed, 0 failing endpoints
 0 timing errors detected. (0 setup errors, 0 hold errors)
--------------------------------------------------------------------------------

================================================================================
Timing constraint: PATH "TS_TIG_microblaze_0_ilmb_POR_FF_I_path" TIG;

 1 path analyzed, 1 endpoint analyzed, 0 failing endpoints
 0 timing errors detected. (0 setup errors, 0 hold errors)
--------------------------------------------------------------------------------

================================================================================
Timing constraint: TS_sys_clk_pin = PERIOD TIMEGRP "sys_clk_pin" 50 MHz HIGH 
50%;
For more information, see Period Analysis in the Timing Closure User Guide (UG612).

 0 paths analyzed, 0 endpoints analyzed, 0 failing endpoints
 0 timing errors detected. (0 component switching limit errors)
 Minimum period is   5.000ns.
--------------------------------------------------------------------------------

================================================================================
Timing constraint: TS_clock_generator_0_clock_generator_0_SIG_PLL1_CLKOUT0 = 
PERIOD TIMEGRP         "clock_generator_0_clock_generator_0_SIG_PLL1_CLKOUT0" 
TS_sys_clk_pin         * 2.6 HIGH 50%;
For more information, see Period Analysis in the Timing Closure User Guide (UG612).

 5668 paths analyzed, 3612 endpoints analyzed, 0 failing endpoints
 0 timing errors detected. (0 setup errors, 0 hold errors, 0 component switching limit errors)
 Minimum period is   7.188ns.
--------------------------------------------------------------------------------

================================================================================
Timing constraint: TS_clk_600_0000MHz180PLL0_nobuf = PERIOD TIMEGRP         
"clk_600_0000MHz180PLL0_nobuf" TS_sys_clk_pin * 12 PHASE 0.833333333         ns 
HIGH 50%;
For more information, see Period Analysis in the Timing Closure User Guide (UG612).

 0 paths analyzed, 0 endpoints analyzed, 0 failing endpoints
 0 timing errors detected. (0 component switching limit errors)
 Minimum period is   1.599ns.
--------------------------------------------------------------------------------

================================================================================
Timing constraint: TS_clock_generator_0_clock_generator_0_SIG_PLL0_CLKOUT2 = 
PERIOD TIMEGRP         "clock_generator_0_clock_generator_0_SIG_PLL0_CLKOUT2" 
TS_sys_clk_pin         * 2 HIGH 50%;
For more information, see Period Analysis in the Timing Closure User Guide (UG612).

 662906 paths analyzed, 21920 endpoints analyzed, 0 failing endpoints
 0 timing errors detected. (0 setup errors, 0 hold errors, 0 component switching limit errors)
 Minimum period is   9.652ns.
--------------------------------------------------------------------------------

================================================================================
Timing constraint: TS_clk_600_0000MHzPLL0_nobuf = PERIOD TIMEGRP 
"clk_600_0000MHzPLL0_nobuf"         TS_sys_clk_pin * 12 HIGH 50%;
For more information, see Period Analysis in the Timing Closure User Guide (UG612).

 0 paths analyzed, 0 endpoints analyzed, 0 failing endpoints
 0 timing errors detected. (0 component switching limit errors)
 Minimum period is   1.599ns.
--------------------------------------------------------------------------------


Derived Constraint Report
Derived Constraints for TS_sys_clk_pin
+-------------------------------+-------------+-------------+-------------+-------------+-------------+-------------+-------------+
|                               |   Period    |       Actual Period       |      Timing Errors        |      Paths Analyzed       |
|           Constraint          | Requirement |-------------+-------------|-------------+-------------|-------------+-------------|
|                               |             |   Direct    | Derivative  |   Direct    | Derivative  |   Direct    | Derivative  |
+-------------------------------+-------------+-------------+-------------+-------------+-------------+-------------+-------------+
|TS_sys_clk_pin                 |     20.000ns|      5.000ns|     19.304ns|            0|            0|            0|       668574|
| TS_clock_generator_0_clock_gen|      7.692ns|      7.188ns|          N/A|            0|            0|         5668|            0|
| erator_0_SIG_PLL1_CLKOUT0     |             |             |             |             |             |             |             |
| TS_clk_600_0000MHz180PLL0_nobu|      1.667ns|      1.599ns|          N/A|            0|            0|            0|            0|
| f                             |             |             |             |             |             |             |             |
| TS_clock_generator_0_clock_gen|     10.000ns|      9.652ns|          N/A|            0|            0|       662906|            0|
| erator_0_SIG_PLL0_CLKOUT2     |             |             |             |             |             |             |             |
| TS_clk_600_0000MHzPLL0_nobuf  |      1.667ns|      1.599ns|          N/A|            0|            0|            0|            0|
+-------------------------------+-------------+-------------+-------------+-------------+-------------+-------------+-------------+

All constraints were met.


Data Sheet report:
-----------------
All values displayed in nanoseconds (ns)

Clock to Setup on destination clock CLK_N
---------------+---------+---------+---------+---------+
               | Src:Rise| Src:Fall| Src:Rise| Src:Fall|
Source Clock   |Dest:Rise|Dest:Rise|Dest:Fall|Dest:Fall|
---------------+---------+---------+---------+---------+
CLK_N          |    9.652|         |         |         |
CLK_P          |    9.652|         |         |         |
---------------+---------+---------+---------+---------+

Clock to Setup on destination clock CLK_P
---------------+---------+---------+---------+---------+
               | Src:Rise| Src:Fall| Src:Rise| Src:Fall|
Source Clock   |Dest:Rise|Dest:Rise|Dest:Fall|Dest:Fall|
---------------+---------+---------+---------+---------+
CLK_N          |    9.652|         |         |         |
CLK_P          |    9.652|         |         |         |
---------------+---------+---------+---------+---------+


Timing summary:
---------------

Timing errors: 0  Score: 0  (Setup/Max: 0, Hold: 0)

Constraints cover 668769 paths, 0 nets, and 29108 connections

Design statistics:
   Minimum period:   9.652ns   (Maximum frequency: 103.605MHz)
   Maximum path delay from/to any node:   2.956ns


Analysis completed Tue May 18 08:38:15 2021 
--------------------------------------------------------------------------------

Trace Settings:
-------------------------
Trace Settings 

Peak Memory Usage: 4775 MB



