Release 14.7 Xflow P.20131013 (nt64)
Copyright (c) 1995-2013 Xilinx, Inc.  All rights reserved.
xflow.exe -wd implementation -p xc6slx45fgg676-2 -implement xflow.opt system.ngc
 
PMSPEC -- Overriding Xilinx file
<E:/Xilinx/14.7/ISE_DS/EDK/spartan6/data/spartan6.acd> with local file
<E:/Xilinx/14.7/ISE_DS/ISE/spartan6/data/spartan6.acd>
.... Copying flowfile E:/Xilinx/14.7/ISE_DS/ISE/xilinx/data/fpga.flw into
working directory
E:/FaksHub/2020_2021/2.Semester_2020_2021/1_Ciklus/LRI2/Labs/LRI2_Labs/Lab3a/imp
lementation 

Using Flow File:
E:/FaksHub/2020_2021/2.Semester_2020_2021/1_Ciklus/LRI2/Labs/LRI2_Labs/Lab3a/imp
lementation/fpga.flw 
Using Option File(s): 
 E:/FaksHub/2020_2021/2.Semester_2020_2021/1_Ciklus/LRI2/Labs/LRI2_Labs/Lab3a/im
plementation/xflow.opt 

Creating Script File ... 

#----------------------------------------------#
# Starting program ngdbuild
# ngdbuild -p xc6slx45fgg676-2 -nt timestamp -bm system.bmm
"E:/FaksHub/2020_2021/2.Semester_2020_2021/1_Ciklus/LRI2/Labs/LRI2_Labs/Lab3a/im
plementation/system.ngc" -uc system.ucf system.ngd 
#----------------------------------------------#
Release 14.7 - ngdbuild P.20131013 (nt64)
Copyright (c) 1995-2013 Xilinx, Inc.  All rights reserved.
PMSPEC -- Overriding Xilinx file
<E:/Xilinx/14.7/ISE_DS/EDK/spartan6/data/spartan6.acd> with local file
<E:/Xilinx/14.7/ISE_DS/ISE/spartan6/data/spartan6.acd>

Command Line: E:\Xilinx\14.7\ISE_DS\ISE\bin\nt64\unwrapped\ngdbuild.exe -p
xc6slx45fgg676-2 -nt timestamp -bm system.bmm
E:/FaksHub/2020_2021/2.Semester_2020_2021/1_Ciklus/LRI2/Labs/LRI2_Labs/Lab3a/imp
lementation/system.ngc -uc system.ucf system.ngd

Reading NGO file
"E:/FaksHub/2020_2021/2.Semester_2020_2021/1_Ciklus/LRI2/Labs/LRI2_Labs/Lab3a/im
plementation/system.ngc" ...
Loading design module
"E:/FaksHub/2020_2021/2.Semester_2020_2021/1_Ciklus/LRI2/Labs/LRI2_Labs/Lab3a/im
plementation/system_proc_sys_reset_0_wrapper.ngc"...
Loading design module
"E:/FaksHub/2020_2021/2.Semester_2020_2021/1_Ciklus/LRI2/Labs/LRI2_Labs/Lab3a/im
plementation/system_clock_generator_0_wrapper.ngc"...
Loading design module
"E:/FaksHub/2020_2021/2.Semester_2020_2021/1_Ciklus/LRI2/Labs/LRI2_Labs/Lab3a/im
plementation/system_axi_uartlite_0_wrapper.ngc"...
Loading design module
"E:/FaksHub/2020_2021/2.Semester_2020_2021/1_Ciklus/LRI2/Labs/LRI2_Labs/Lab3a/im
plementation/system_microblaze_0_ilmb_wrapper.ngc"...
Loading design module
"E:/FaksHub/2020_2021/2.Semester_2020_2021/1_Ciklus/LRI2/Labs/LRI2_Labs/Lab3a/im
plementation/system_microblaze_0_dlmb_wrapper.ngc"...
Loading design module
"E:/FaksHub/2020_2021/2.Semester_2020_2021/1_Ciklus/LRI2/Labs/LRI2_Labs/Lab3a/im
plementation/system_axi_s6_ddrx_0_wrapper.ngc"...
Loading design module
"E:/FaksHub/2020_2021/2.Semester_2020_2021/1_Ciklus/LRI2/Labs/LRI2_Labs/Lab3a/im
plementation/system_axi4lite_0_wrapper.ngc"...
Loading design module
"E:/FaksHub/2020_2021/2.Semester_2020_2021/1_Ciklus/LRI2/Labs/LRI2_Labs/Lab3a/im
plementation/system_axi_interconnect_0_wrapper.ngc"...
Loading design module
"E:/FaksHub/2020_2021/2.Semester_2020_2021/1_Ciklus/LRI2/Labs/LRI2_Labs/Lab3a/im
plementation/system_microblaze_0_wrapper.ngc"...
Loading design module
"E:/FaksHub/2020_2021/2.Semester_2020_2021/1_Ciklus/LRI2/Labs/LRI2_Labs/Lab3a/im
plementation/system_microblaze_0_i_bram_ctrl_wrapper.ngc"...
Loading design module
"E:/FaksHub/2020_2021/2.Semester_2020_2021/1_Ciklus/LRI2/Labs/LRI2_Labs/Lab3a/im
plementation/system_microblaze_0_d_bram_ctrl_wrapper.ngc"...
Loading design module
"E:/FaksHub/2020_2021/2.Semester_2020_2021/1_Ciklus/LRI2/Labs/LRI2_Labs/Lab3a/im
plementation/system_axi_intc_0_wrapper.ngc"...
Loading design module
"E:/FaksHub/2020_2021/2.Semester_2020_2021/1_Ciklus/LRI2/Labs/LRI2_Labs/Lab3a/im
plementation/system_debug_module_wrapper.ngc"...
Loading design module
"E:/FaksHub/2020_2021/2.Semester_2020_2021/1_Ciklus/LRI2/Labs/LRI2_Labs/Lab3a/im
plementation/system_dip_gpio_wrapper.ngc"...
Loading design module
"E:/FaksHub/2020_2021/2.Semester_2020_2021/1_Ciklus/LRI2/Labs/LRI2_Labs/Lab3a/im
plementation/system_push_gpio_wrapper.ngc"...
Loading design module
"E:/FaksHub/2020_2021/2.Semester_2020_2021/1_Ciklus/LRI2/Labs/LRI2_Labs/Lab3a/im
plementation/system_led_gpio_wrapper.ngc"...
Loading design module
"E:/FaksHub/2020_2021/2.Semester_2020_2021/1_Ciklus/LRI2/Labs/LRI2_Labs/Lab3a/im
plementation/system_axi_timer_0_wrapper.ngc"...
Loading design module
"E:/FaksHub/2020_2021/2.Semester_2020_2021/1_Ciklus/LRI2/Labs/LRI2_Labs/Lab3a/im
plementation/system_axi_timer_1_wrapper.ngc"...
Loading design module
"E:/FaksHub/2020_2021/2.Semester_2020_2021/1_Ciklus/LRI2/Labs/LRI2_Labs/Lab3a/im
plementation/system_microblaze_0_bram_block_wrapper.ngc"...
Applying constraints in
"E:/FaksHub/2020_2021/2.Semester_2020_2021/1_Ciklus/LRI2/Labs/LRI2_Labs/Lab3a/im
plementation/system_microblaze_0_ilmb_wrapper.ncf" to module
"microblaze_0_ilmb"...
Checking Constraint Associations...
Applying constraints in
"E:/FaksHub/2020_2021/2.Semester_2020_2021/1_Ciklus/LRI2/Labs/LRI2_Labs/Lab3a/im
plementation/system_microblaze_0_dlmb_wrapper.ncf" to module
"microblaze_0_dlmb"...
Checking Constraint Associations...
Applying constraints in
"E:/FaksHub/2020_2021/2.Semester_2020_2021/1_Ciklus/LRI2/Labs/LRI2_Labs/Lab3a/im
plementation/system_axi_s6_ddrx_0_wrapper.ncf" to module "axi_s6_ddrx_0"...
Checking Constraint Associations...
Applying constraints in
"E:/FaksHub/2020_2021/2.Semester_2020_2021/1_Ciklus/LRI2/Labs/LRI2_Labs/Lab3a/im
plementation/system_axi4lite_0_wrapper.ncf" to module "axi4lite_0"...
Checking Constraint Associations...
Applying constraints in
"E:/FaksHub/2020_2021/2.Semester_2020_2021/1_Ciklus/LRI2/Labs/LRI2_Labs/Lab3a/im
plementation/system_axi_interconnect_0_wrapper.ncf" to module
"axi_interconnect_0"...
WARNING:ConstraintSystem:194 - The TNM
   'axi_interconnect_0_async_clock_conv_FFDEST', does not directly or indirectly
   drive any flip-flops, latches and/or RAMs and is not actively used by any
   referencing constraint.

WARNING:ConstraintSystem:194 - The TNM
   'axi_interconnect_0_async_clock_conv_FFDEST', does not directly or indirectly
   drive any flip-flops, latches and/or RAMs and is not actively used by any
   referencing constraint.

Checking Constraint Associations...
INFO:NgdBuild:981 - Could not find any associations for the following
   constraint:
       '<INST
   "axi_interconnect_0/*_converter_bank/*clock_conv_inst/*asyncfifo_*/*mem/*dout
   _i_???" TNM = "axi_interconnect_0_async_clock_conv_FFDEST";>
   [E:/FaksHub/2020_2021/2.Semester_2020_2021/1_Ciklus/LRI2/Labs/LRI2_Labs/Lab3a
   /implementation/system_axi_interconnect_0_wrapper.ncf(6)]'
INFO:NgdBuild:981 - Could not find any associations for the following
   constraint:
       '<INST
   "axi_interconnect_0/*_converter_bank/*clock_conv_inst/*asyncfifo_*/*mem/*dout
   _i_????" TNM = "axi_interconnect_0_async_clock_conv_FFDEST";>
   [E:/FaksHub/2020_2021/2.Semester_2020_2021/1_Ciklus/LRI2/Labs/LRI2_Labs/Lab3a
   /implementation/system_axi_interconnect_0_wrapper.ncf(7)]'
Applying constraints in
"E:/FaksHub/2020_2021/2.Semester_2020_2021/1_Ciklus/LRI2/Labs/LRI2_Labs/Lab3a/im
plementation/system_microblaze_0_wrapper.ncf" to module "microblaze_0"...
Checking Constraint Associations...
Applying constraints in
"E:/FaksHub/2020_2021/2.Semester_2020_2021/1_Ciklus/LRI2/Labs/LRI2_Labs/Lab3a/im
plementation/system_axi_intc_0_wrapper.ncf" to module "axi_intc_0"...
Checking Constraint Associations...
Gathering constraint information from source properties...
Done.

Annotating constraints to design from ucf file "system.ucf" ...
Resolving constraint associations...
Checking Constraint Associations...
WARNING:ConstraintSystem:135 - Constraint <INST
   /system/EXPANDED/system/axi_interconnect_0/axi_interconnect_0\/mi_converter_b
   ank\/gen_conv_slot[0].clock_conv_inst\/s_axi_aresetn_resync<2>_inv1_INV_0 TNM
   = FFS:axi_interconnect_0_reset_resync>: No instances of type FFS were found
   under block
   "axi_interconnect_0/axi_interconnect_0/mi_converter_bank/gen_conv_slot[0].clo
   ck_conv_inst/s_axi_aresetn_resync<2>_inv1_INV_0" (type=INV).

WARNING:ConstraintSystem:135 - Constraint <INST
   /system/EXPANDED/system/axi_interconnect_0/axi_interconnect_0\/mi_converter_b
   ank\/gen_conv_slot[0].clock_conv_inst\/m_axi_aresetn_resync<2>_inv1_INV_0 TNM
   = FFS:axi_interconnect_0_reset_resync>: No instances of type FFS were found
   under block
   "axi_interconnect_0/axi_interconnect_0/mi_converter_bank/gen_conv_slot[0].clo
   ck_conv_inst/m_axi_aresetn_resync<2>_inv1_INV_0" (type=INV).

WARNING:ConstraintSystem:135 - Constraint <INST
   /system/EXPANDED/system/axi_interconnect_0/axi_interconnect_0\/si_converter_b
   ank\/gen_conv_slot[0].clock_conv_inst\/interconnect_aresetn_resync<2>_inv1_IN
   V_0 TNM = FFS:axi_interconnect_0_reset...>: No instances of type FFS were
   found under block
   "axi_interconnect_0/axi_interconnect_0/si_converter_bank/gen_conv_slot[0].clo
   ck_conv_inst/interconnect_aresetn_resync<2>_inv1_INV_0" (type=INV).

WARNING:ConstraintSystem:135 - Constraint <INST
   /system/EXPANDED/system/axi4lite_0/axi4lite_0\/si_converter_bank\/gen_conv_sl
   ot[0].clock_conv_inst\/interconnect_aresetn_resync<2>_inv1_INV_0 TNM =
   FFS:axi4lite_0_reset_resync>: No instances of type FFS were found under block
   "axi4lite_0/axi4lite_0/si_converter_bank/gen_conv_slot[0].clock_conv_inst/int
   erconnect_aresetn_resync<2>_inv1_INV_0" (type=INV).

WARNING:ConstraintSystem:58 - Constraint <TIMEGRP axi4lite_0_reset_source = FFS
   PADS CPUS;>: CPUS "*" does not match any design objects.

WARNING:ConstraintSystem:58 - Constraint <TIMEGRP
   axi_interconnect_0_reset_source = FFS PADS CPUS;>: CPUS "*" does not match
   any design objects.

WARNING:ConstraintSystem:194 - The TNM 'axi_interconnect_0_reset_resync', does
   not directly or indirectly drive any flip-flops, latches and/or RAMs and is
   not actively used by any referencing constraint.

WARNING:ConstraintSystem:194 - The TNM 'axi_interconnect_0_reset_resync', does
   not directly or indirectly drive any flip-flops, latches and/or RAMs and is
   not actively used by any referencing constraint.

WARNING:ConstraintSystem:194 - The TNM 'axi_interconnect_0_reset_resync', does
   not directly or indirectly drive any flip-flops, latches and/or RAMs and is
   not actively used by any referencing constraint.

WARNING:ConstraintSystem:194 - The TNM 'axi4lite_0_reset_resync', does not
   directly or indirectly drive any flip-flops, latches and/or RAMs and is not
   actively used by any referencing constraint.

INFO:ConstraintSystem:178 - TNM 'sys_clk_pin', used in period specification
   'TS_sys_clk_pin', was traced into PLL_ADV instance
   clock_generator_0/PLL0_INST/Using_PLL_ADV.PLL_ADV_inst. The following new TNM
   groups and period specifications were generated at the PLL_ADV output(s): 
   CLKOUT1: <TIMESPEC TS_clk_600_0000MHz180PLL0_nobuf = PERIOD
   "clk_600_0000MHz180PLL0_nobuf" TS_sys_clk_pin * 12 PHASE 0.833333333 ns HIGH
   50%>

INFO:ConstraintSystem:178 - TNM 'sys_clk_pin', used in period specification
   'TS_sys_clk_pin', was traced into PLL_ADV instance
   clock_generator_0/PLL0_INST/Using_PLL_ADV.PLL_ADV_inst. The following new TNM
   groups and period specifications were generated at the PLL_ADV output(s): 
   CLKOUT0: <TIMESPEC TS_clk_600_0000MHzPLL0_nobuf = PERIOD
   "clk_600_0000MHzPLL0_nobuf" TS_sys_clk_pin * 12 HIGH 50%>

INFO:ConstraintSystem:178 - TNM 'sys_clk_pin', used in period specification
   'TS_sys_clk_pin', was traced into PLL_ADV instance
   clock_generator_0/PLL0_INST/Using_PLL_ADV.PLL_ADV_inst. The following new TNM
   groups and period specifications were generated at the PLL_ADV output(s): 
   CLKOUT2: <TIMESPEC TS_clock_generator_0_clock_generator_0_SIG_PLL0_CLKOUT2 =
   PERIOD "clock_generator_0_clock_generator_0_SIG_PLL0_CLKOUT2" TS_sys_clk_pin
   * 2 HIGH 50%>

INFO:ConstraintSystem:178 - TNM 'sys_clk_pin', used in period specification
   'TS_sys_clk_pin', was traced into PLL_ADV instance
   clock_generator_0/PLL1_INST/Using_PLL_ADV.PLL_ADV_inst. The following new TNM
   groups and period specifications were generated at the PLL_ADV output(s): 
   CLKOUT0: <TIMESPEC TS_clock_generator_0_clock_generator_0_SIG_PLL1_CLKOUT0 =
   PERIOD "clock_generator_0_clock_generator_0_SIG_PLL1_CLKOUT0" TS_sys_clk_pin
   * 2.6 HIGH 50%>

WARNING:NgdBuild:1012 - The constraint <NET "axi_s6_ddrx_0_rzq" IOSTANDARD =
   "SSTL18_II"> is overridden on the design object axi_s6_ddrx_0_rzq by the
   constraint <NET axi_s6_ddrx_0_rzq IOSTANDARD = "LVCMOS18_JEDEC";>
   [system.ucf(42)].
WARNING:NgdBuild:1012 - The constraint <NET "axi_s6_ddrx_0_zio" IOSTANDARD =
   "SSTL18_II"> is overridden on the design object axi_s6_ddrx_0_zio by the
   constraint <NET axi_s6_ddrx_0_zio IOSTANDARD = "LVCMOS18_JEDEC";>
   [system.ucf(43)].
Done...

Processing BMM file "system.bmm" ...

Checking expanded design ...
WARNING:NgdBuild:443 - SFF primitive
   'microblaze_0/microblaze_0/MicroBlaze_Core_I/Performance.Decode_I/Using_FPGA.
   Gen_Bits[27].MEM_EX_Result_Inst' has unconnected output pin
WARNING:NgdBuild:452 - logical net 'N66' has no driver
WARNING:NgdBuild:452 - logical net 'N67' has no driver
WARNING:NgdBuild:452 - logical net 'N68' has no driver
WARNING:NgdBuild:452 - logical net 'N69' has no driver
WARNING:NgdBuild:452 - logical net 'N70' has no driver
WARNING:NgdBuild:452 - logical net 'N71' has no driver
WARNING:NgdBuild:452 - logical net 'N72' has no driver
WARNING:NgdBuild:452 - logical net 'N73' has no driver
WARNING:NgdBuild:452 - logical net 'N74' has no driver
WARNING:NgdBuild:452 - logical net 'N75' has no driver
WARNING:NgdBuild:452 - logical net 'N76' has no driver
WARNING:NgdBuild:452 - logical net 'N77' has no driver
WARNING:NgdBuild:452 - logical net 'N78' has no driver
WARNING:NgdBuild:452 - logical net 'N79' has no driver
WARNING:NgdBuild:452 - logical net 'N80' has no driver
WARNING:NgdBuild:452 - logical net 'N81' has no driver
WARNING:NgdBuild:452 - logical net 'N82' has no driver
WARNING:NgdBuild:452 - logical net 'N83' has no driver
WARNING:NgdBuild:452 - logical net 'N84' has no driver
WARNING:NgdBuild:452 - logical net 'N85' has no driver
WARNING:NgdBuild:452 - logical net 'N86' has no driver
WARNING:NgdBuild:452 - logical net 'N87' has no driver

Partition Implementation Status
-------------------------------

  No Partitions were found in this design.

-------------------------------

NGDBUILD Design Results Summary:
  Number of errors:     0
  Number of warnings:  37

Writing NGD file "system.ngd" ...
Total REAL time to NGDBUILD completion: 1 min  5 sec
Total CPU time to NGDBUILD completion:  1 min  4 sec

Writing NGDBUILD log file "system.bld"...

NGDBUILD done.



#----------------------------------------------#
# Starting program map
# map -o system_map.ncd -w -pr b -ol high -timing -detail system.ngd system.pcf 
#----------------------------------------------#
Release 14.7 - Map P.20131013 (nt64)
Copyright (c) 1995-2013 Xilinx, Inc.  All rights reserved.
PMSPEC -- Overriding Xilinx file
<E:/Xilinx/14.7/ISE_DS/EDK/data/Xdh_PrimTypeLib.xda> with local file
<E:/Xilinx/14.7/ISE_DS/ISE/data/Xdh_PrimTypeLib.xda>
Using target part "6slx45fgg676-2".
Mapping design into LUTs...
Writing file system_map.ngm...
Running directed packing...
Running delay-based LUT packing...
Updating timing models...
WARNING:Timing:3223 - Timing constraint PATH "TS_TIG_axi_s6_ddrx_0_CALIB_DONE_SYNCH_path" TIG ignored during timing analysis.
INFO:Map:215 - The Interim Design Summary has been generated in the MAP Report
   (.mrp).
Running timing-driven placement...
Total REAL time at the beginning of Placer: 32 secs 
Total CPU  time at the beginning of Placer: 28 secs 

Phase 1.1  Initial Placement Analysis
Phase 1.1  Initial Placement Analysis (Checksum:9bc55007) REAL time: 37 secs 

Phase 2.7  Design Feasibility Check
Phase 2.7  Design Feasibility Check (Checksum:9bc55007) REAL time: 37 secs 

Phase 3.31  Local Placement Optimization
Phase 3.31  Local Placement Optimization (Checksum:e53dcf87) REAL time: 37 secs 

Phase 4.2  Initial Placement for Architecture Specific Features

Phase 4.2  Initial Placement for Architecture Specific Features
(Checksum:f947448d) REAL time: 1 mins 6 secs 

Phase 5.36  Local Placement Optimization
Phase 5.36  Local Placement Optimization (Checksum:f947448d) REAL time: 1 mins 6 secs 

Phase 6.30  Global Clock Region Assignment
Phase 6.30  Global Clock Region Assignment (Checksum:f947448d) REAL time: 1 mins 6 secs 

Phase 7.3  Local Placement Optimization
Phase 7.3  Local Placement Optimization (Checksum:f947448d) REAL time: 1 mins 7 secs 

Phase 8.5  Local Placement Optimization
Phase 8.5  Local Placement Optimization (Checksum:f947448d) REAL time: 1 mins 7 secs 

Phase 9.8  Global Placement
.........................
........................................................
............................................................................................
........................................................................................................................
............................
Phase 9.8  Global Placement (Checksum:b3a5315b) REAL time: 3 mins 10 secs 

Phase 10.5  Local Placement Optimization
Phase 10.5  Local Placement Optimization (Checksum:b3a5315b) REAL time: 3 mins 10 secs 

Phase 11.18  Placement Optimization
Phase 11.18  Placement Optimization (Checksum:827ea433) REAL time: 3 mins 27 secs 

Phase 12.5  Local Placement Optimization
Phase 12.5  Local Placement Optimization (Checksum:827ea433) REAL time: 3 mins 27 secs 

Phase 13.34  Placement Validation
Phase 13.34  Placement Validation (Checksum:b0890d2d) REAL time: 3 mins 27 secs 

Total REAL time to Placer completion: 3 mins 35 secs 
Total CPU  time to Placer completion: 3 mins 29 secs 
Running post-placement packing...
Writing output files...

Design Summary:
Number of errors:      0
Number of warnings:   76
Slice Logic Utilization:
  Number of Slice Registers:                 4,166 out of  54,576    7%
    Number used as Flip Flops:               4,158
    Number used as Latches:                      0
    Number used as Latch-thrus:                  0
    Number used as AND/OR logics:                8
  Number of Slice LUTs:                      4,909 out of  27,288   17%
    Number used as logic:                    4,432 out of  27,288   16%
      Number using O6 output only:           3,490
      Number using O5 output only:              70
      Number using O5 and O6:                  872
      Number used as ROM:                        0
    Number used as Memory:                     349 out of   6,408    5%
      Number used as Dual Port RAM:            212
        Number using O6 output only:            16
        Number using O5 output only:            15
        Number using O5 and O6:                181
      Number used as Single Port RAM:            0
      Number used as Shift Register:           137
        Number using O6 output only:            38
        Number using O5 output only:             1
        Number using O5 and O6:                 98
    Number used exclusively as route-thrus:    128
      Number with same-slice register load:    115
      Number with same-slice carry load:         9
      Number with other load:                    4

Slice Logic Distribution:
  Number of occupied Slices:                 1,965 out of   6,822   28%
  Number of MUXCYs used:                       764 out of  13,644    5%
  Number of LUT Flip Flop pairs used:        5,863
    Number with an unused Flip Flop:         2,097 out of   5,863   35%
    Number with an unused LUT:                 954 out of   5,863   16%
    Number of fully used LUT-FF pairs:       2,812 out of   5,863   47%
    Number of unique control sets:             325
    Number of slice register sites lost
      to control set restrictions:           1,366 out of  54,576    2%

  A LUT Flip Flop pair for this architecture represents one LUT paired with
  one Flip Flop within a slice.  A control set is a unique combination of
  clock, reset, set, and enable signals for a registered element.
  The Slice Logic Distribution report is not meaningful if the design is
  over-mapped for a non-slice resource or if Placement fails.

IO Utilization:
  Number of bonded IOBs:                        74 out of     358   20%
    Number of LOCed IOBs:                       74 out of      74  100%
    IOB Flip Flops:                              9

Specific Feature Utilization:
  Number of RAMB16BWERs:                        42 out of     116   36%
  Number of RAMB8BWERs:                          0 out of     232    0%
  Number of BUFIO2/BUFIO2_2CLKs:                 2 out of      32    6%
    Number used as BUFIO2s:                      2
    Number used as BUFIO2_2CLKs:                 0
  Number of BUFIO2FB/BUFIO2FB_2CLKs:             0 out of      32    0%
  Number of BUFG/BUFGMUXs:                       3 out of      16   18%
    Number used as BUFGs:                        3
    Number used as BUFGMUX:                      0
  Number of DCM/DCM_CLKGENs:                     0 out of       8    0%
  Number of ILOGIC2/ISERDES2s:                   3 out of     376    1%
    Number used as ILOGIC2s:                     3
    Number used as ISERDES2s:                    0
  Number of IODELAY2/IODRP2/IODRP2_MCBs:        24 out of     376    6%
    Number used as IODELAY2s:                    0
    Number used as IODRP2s:                      2
    Number used as IODRP2_MCBs:                 22
  Number of OLOGIC2/OSERDES2s:                  52 out of     376   13%
    Number used as OLOGIC2s:                     6
    Number used as OSERDES2s:                   46
  Number of BSCANs:                              1 out of       4   25%
  Number of BUFHs:                               0 out of     256    0%
  Number of BUFPLLs:                             0 out of       8    0%
  Number of BUFPLL_MCBs:                         1 out of       4   25%
  Number of DSP48A1s:                            3 out of      58    5%
  Number of ICAPs:                               0 out of       1    0%
  Number of MCBs:                                1 out of       2   50%
  Number of PCILOGICSEs:                         0 out of       2    0%
  Number of PLL_ADVs:                            2 out of       4   50%
  Number of PMVs:                                0 out of       1    0%
  Number of STARTUPs:                            0 out of       1    0%
  Number of SUSPEND_SYNCs:                       0 out of       1    0%

Average Fanout of Non-Clock Nets:                4.16

Peak Memory Usage:  4787 MB
Total REAL time to MAP completion:  3 mins 42 secs 
Total CPU time to MAP completion:   3 mins 36 secs 

Mapping completed.
See MAP report file "system_map.mrp" for details.



#----------------------------------------------#
# Starting program par
# par -w -ol high system_map.ncd system.ncd system.pcf 
#----------------------------------------------#
Release 14.7 - par P.20131013 (nt64)
Copyright (c) 1995-2013 Xilinx, Inc.  All rights reserved.
PMSPEC -- Overriding Xilinx file <E:/Xilinx/14.7/ISE_DS/EDK/data/parBmgr.acd> with local file
<E:/Xilinx/14.7/ISE_DS/ISE/data/parBmgr.acd>



Constraints file: system.pcf.
Loading device for application Rf_Device from file '6slx45.nph' in environment
E:\Xilinx\14.7\ISE_DS\ISE\;E:\Xilinx\14.7\ISE_DS\EDK.
   "system" is an NCD, version 3.2, device xc6slx45, package fgg676, speed -2

Initializing temperature to 85.000 Celsius. (default - Range: 0.000 to 85.000 Celsius)
Initializing voltage to 1.140 Volts. (default - Range: 1.140 to 1.260 Volts)


Device speed data version:  "PRODUCTION 1.23 2013-10-13".



Device Utilization Summary:

Slice Logic Utilization:
  Number of Slice Registers:                 4,166 out of  54,576    7%
    Number used as Flip Flops:               4,158
    Number used as Latches:                      0
    Number used as Latch-thrus:                  0
    Number used as AND/OR logics:                8
  Number of Slice LUTs:                      4,909 out of  27,288   17%
    Number used as logic:                    4,432 out of  27,288   16%
      Number using O6 output only:           3,490
      Number using O5 output only:              70
      Number using O5 and O6:                  872
      Number used as ROM:                        0
    Number used as Memory:                     349 out of   6,408    5%
      Number used as Dual Port RAM:            212
        Number using O6 output only:            16
        Number using O5 output only:            15
        Number using O5 and O6:                181
      Number used as Single Port RAM:            0
      Number used as Shift Register:           137
        Number using O6 output only:            38
        Number using O5 output only:             1
        Number using O5 and O6:                 98
    Number used exclusively as route-thrus:    128
      Number with same-slice register load:    115
      Number with same-slice carry load:         9
      Number with other load:                    4

Slice Logic Distribution:
  Number of occupied Slices:                 1,965 out of   6,822   28%
  Number of MUXCYs used:                       764 out of  13,644    5%
  Number of LUT Flip Flop pairs used:        5,863
    Number with an unused Flip Flop:         2,097 out of   5,863   35%
    Number with an unused LUT:                 954 out of   5,863   16%
    Number of fully used LUT-FF pairs:       2,812 out of   5,863   47%
    Number of slice register sites lost
      to control set restrictions:               0 out of  54,576    0%

  A LUT Flip Flop pair for this architecture represents one LUT paired with
  one Flip Flop within a slice.  A control set is a unique combination of
  clock, reset, set, and enable signals for a registered element.
  The Slice Logic Distribution report is not meaningful if the design is
  over-mapped for a non-slice resource or if Placement fails.

IO Utilization:
  Number of bonded IOBs:                        74 out of     358   20%
    Number of LOCed IOBs:                       74 out of      74  100%
    IOB Flip Flops:                              9

Specific Feature Utilization:
  Number of RAMB16BWERs:                        42 out of     116   36%
  Number of RAMB8BWERs:                          0 out of     232    0%
  Number of BUFIO2/BUFIO2_2CLKs:                 2 out of      32    6%
    Number used as BUFIO2s:                      2
    Number used as BUFIO2_2CLKs:                 0
  Number of BUFIO2FB/BUFIO2FB_2CLKs:             0 out of      32    0%
  Number of BUFG/BUFGMUXs:                       3 out of      16   18%
    Number used as BUFGs:                        3
    Number used as BUFGMUX:                      0
  Number of DCM/DCM_CLKGENs:                     0 out of       8    0%
  Number of ILOGIC2/ISERDES2s:                   3 out of     376    1%
    Number used as ILOGIC2s:                     3
    Number used as ISERDES2s:                    0
  Number of IODELAY2/IODRP2/IODRP2_MCBs:        24 out of     376    6%
    Number used as IODELAY2s:                    0
    Number used as IODRP2s:                      2
    Number used as IODRP2_MCBs:                 22
  Number of OLOGIC2/OSERDES2s:                  52 out of     376   13%
    Number used as OLOGIC2s:                     6
    Number used as OSERDES2s:                   46
  Number of BSCANs:                              1 out of       4   25%
  Number of BUFHs:                               0 out of     256    0%
  Number of BUFPLLs:                             0 out of       8    0%
  Number of BUFPLL_MCBs:                         1 out of       4   25%
  Number of DSP48A1s:                            3 out of      58    5%
  Number of ICAPs:                               0 out of       1    0%
  Number of MCBs:                                1 out of       2   50%
  Number of PCILOGICSEs:                         0 out of       2    0%
  Number of PLL_ADVs:                            2 out of       4   50%
  Number of PMVs:                                0 out of       1    0%
  Number of STARTUPs:                            0 out of       1    0%
  Number of SUSPEND_SYNCs:                       0 out of       1    0%


Overall effort level (-ol):   High 
Router effort level (-rl):    High 

WARNING:Timing:3223 - Timing constraint PATH "TS_TIG_axi_s6_ddrx_0_CALIB_DONE_SYNCH_path" TIG; ignored during timing analysis.
INFO:Timing:3386 - Intersecting Constraints found and resolved.  For more information, see the TSI report.  Please consult the Xilinx
   Command Line Tools User Guide for information on generating a TSI report.
Starting initial Timing Analysis.  REAL time: 14 secs 
Finished initial Timing Analysis.  REAL time: 15 secs 

WARNING:Par:288 - The signal
   axi_interconnect_0/axi_interconnect_0/mi_converter_bank/gen_conv_slot[0].clock_conv_inst/gen_async_readwrite.asyncfifo_rw/U0/xst_fifo_gen
   erator/gaxi_full_lite.gread_ch.grdch2.axi_rdch/grf.rf/gntv_or_sync_fifo.mem/gdm.dm/Mram_RAM2_RAMD_D1_O has no load.  PAR will not attempt
   to route this signal.
WARNING:Par:288 - The signal
   axi_interconnect_0/axi_interconnect_0/mi_converter_bank/gen_conv_slot[0].clock_conv_inst/gen_async_readwrite.asyncfifo_rw/U0/xst_fifo_gen
   erator/gaxi_full_lite.gwrite_ch.gwach2.axi_wach/grf.rf/gntv_or_sync_fifo.mem/gdm.dm/Mram_RAM5_RAMA_D1_DPO has no load.  PAR will not
   attempt to route this signal.
WARNING:Par:288 - The signal
   axi_interconnect_0/axi_interconnect_0/mi_converter_bank/gen_conv_slot[0].clock_conv_inst/gen_async_readwrite.asyncfifo_rw/U0/xst_fifo_gen
   erator/gaxi_full_lite.gwrite_ch.gwach2.axi_wach/grf.rf/gntv_or_sync_fifo.mem/gdm.dm/Mram_RAM5_RAMB_D1_DPO has no load.  PAR will not
   attempt to route this signal.
WARNING:Par:288 - The signal
   axi_interconnect_0/axi_interconnect_0/mi_converter_bank/gen_conv_slot[0].clock_conv_inst/gen_async_readwrite.asyncfifo_rw/U0/xst_fifo_gen
   erator/gaxi_full_lite.gwrite_ch.gwach2.axi_wach/grf.rf/gntv_or_sync_fifo.mem/gdm.dm/Mram_RAM5_RAMD_D1_O has no load.  PAR will not
   attempt to route this signal.
WARNING:Par:288 - The signal
   axi_interconnect_0/axi_interconnect_0/mi_converter_bank/gen_conv_slot[0].clock_conv_inst/gen_async_readwrite.asyncfifo_rw/U0/xst_fifo_gen
   erator/gaxi_full_lite.gwrite_ch.gwach2.axi_wach/grf.rf/gntv_or_sync_fifo.mem/gdm.dm/Mram_RAM6_RAMD_D1_O has no load.  PAR will not
   attempt to route this signal.
WARNING:Par:288 - The signal
   axi_interconnect_0/axi_interconnect_0/mi_converter_bank/gen_conv_slot[0].clock_conv_inst/gen_async_readwrite.asyncfifo_rw/U0/xst_fifo_gen
   erator/gaxi_full_lite.gread_ch.grdch2.axi_rdch/grf.rf/gntv_or_sync_fifo.mem/gdm.dm/Mram_RAM3_RAMD_D1_O has no load.  PAR will not attempt
   to route this signal.
WARNING:Par:288 - The signal
   axi_interconnect_0/axi_interconnect_0/mi_converter_bank/gen_conv_slot[0].clock_conv_inst/gen_async_readwrite.asyncfifo_rw/U0/xst_fifo_gen
   erator/gaxi_full_lite.gread_ch.grdch2.axi_rdch/grf.rf/gntv_or_sync_fifo.mem/gdm.dm/Mram_RAM4_RAMD_D1_O has no load.  PAR will not attempt
   to route this signal.
WARNING:Par:288 - The signal
   axi_interconnect_0/axi_interconnect_0/mi_converter_bank/gen_conv_slot[0].clock_conv_inst/gen_async_readwrite.asyncfifo_rw/U0/xst_fifo_gen
   erator/gaxi_full_lite.gread_ch.grdch2.axi_rdch/grf.rf/gntv_or_sync_fifo.mem/gdm.dm/Mram_RAM6_RAMD_D1_O has no load.  PAR will not attempt
   to route this signal.
WARNING:Par:288 - The signal
   axi_interconnect_0/axi_interconnect_0/mi_converter_bank/gen_conv_slot[0].clock_conv_inst/gen_async_readwrite.asyncfifo_rw/U0/xst_fifo_gen
   erator/gaxi_full_lite.gwrite_ch.gwach2.axi_wach/grf.rf/gntv_or_sync_fifo.mem/gdm.dm/Mram_RAM8_RAMD_D1_O has no load.  PAR will not
   attempt to route this signal.
WARNING:Par:288 - The signal
   axi_interconnect_0/axi_interconnect_0/mi_converter_bank/gen_conv_slot[0].clock_conv_inst/gen_async_readwrite.asyncfifo_rw/U0/xst_fifo_gen
   erator/gaxi_full_lite.gwrite_ch.gwach2.axi_wach/grf.rf/gntv_or_sync_fifo.mem/gdm.dm/Mram_RAM4_RAMA_D1_DPO has no load.  PAR will not
   attempt to route this signal.
WARNING:Par:288 - The signal
   axi_interconnect_0/axi_interconnect_0/mi_converter_bank/gen_conv_slot[0].clock_conv_inst/gen_async_readwrite.asyncfifo_rw/U0/xst_fifo_gen
   erator/gaxi_full_lite.gwrite_ch.gwach2.axi_wach/grf.rf/gntv_or_sync_fifo.mem/gdm.dm/Mram_RAM4_RAMB_D1_DPO has no load.  PAR will not
   attempt to route this signal.
WARNING:Par:288 - The signal
   axi_interconnect_0/axi_interconnect_0/mi_converter_bank/gen_conv_slot[0].clock_conv_inst/gen_async_readwrite.asyncfifo_rw/U0/xst_fifo_gen
   erator/gaxi_full_lite.gwrite_ch.gwach2.axi_wach/grf.rf/gntv_or_sync_fifo.mem/gdm.dm/Mram_RAM4_RAMC_D1_DPO has no load.  PAR will not
   attempt to route this signal.
WARNING:Par:288 - The signal
   axi_interconnect_0/axi_interconnect_0/mi_converter_bank/gen_conv_slot[0].clock_conv_inst/gen_async_readwrite.asyncfifo_rw/U0/xst_fifo_gen
   erator/gaxi_full_lite.gwrite_ch.gwach2.axi_wach/grf.rf/gntv_or_sync_fifo.mem/gdm.dm/Mram_RAM4_RAMD_D1_O has no load.  PAR will not
   attempt to route this signal.
WARNING:Par:288 - The signal
   axi_interconnect_0/axi_interconnect_0/crossbar_samd/gen_samd.crossbar_samd/gen_crossbar.addr_arbiter_aw/m_mesg_i<42> has no load.  PAR
   will not attempt to route this signal.
WARNING:Par:288 - The signal
   axi_interconnect_0/axi_interconnect_0/crossbar_samd/gen_samd.crossbar_samd/gen_crossbar.addr_arbiter_aw/m_mesg_i<58> has no load.  PAR
   will not attempt to route this signal.
WARNING:Par:288 - The signal
   axi_interconnect_0/axi_interconnect_0/mi_converter_bank/gen_conv_slot[0].clock_conv_inst/gen_async_readwrite.asyncfifo_rw/U0/xst_fifo_gen
   erator/gaxi_full_lite.gwrite_ch.gwdch2.axi_wdch/grf.rf/gntv_or_sync_fifo.mem/gdm.dm/Mram_RAM3_RAMD_D1_O has no load.  PAR will not
   attempt to route this signal.
WARNING:Par:288 - The signal
   axi_interconnect_0/axi_interconnect_0/mi_converter_bank/gen_conv_slot[0].clock_conv_inst/gen_async_readwrite.asyncfifo_rw/U0/xst_fifo_gen
   erator/gaxi_full_lite.gwrite_ch.gwdch2.axi_wdch/grf.rf/gntv_or_sync_fifo.mem/gdm.dm/Mram_RAM2_RAMD_D1_O has no load.  PAR will not
   attempt to route this signal.
WARNING:Par:288 - The signal
   axi_interconnect_0/axi_interconnect_0/mi_converter_bank/gen_conv_slot[0].clock_conv_inst/gen_async_readwrite.asyncfifo_rw/U0/xst_fifo_gen
   erator/gaxi_full_lite.gwrite_ch.gwdch2.axi_wdch/grf.rf/gntv_or_sync_fifo.mem/gdm.dm/Mram_RAM4_RAMD_D1_O has no load.  PAR will not
   attempt to route this signal.
WARNING:Par:288 - The signal
   axi_interconnect_0/axi_interconnect_0/mi_converter_bank/gen_conv_slot[0].clock_conv_inst/gen_async_readwrite.asyncfifo_rw/U0/xst_fifo_gen
   erator/gaxi_full_lite.gwrite_ch.gwdch2.axi_wdch/grf.rf/gntv_or_sync_fifo.mem/gdm.dm/Mram_RAM1_RAMD_D1_O has no load.  PAR will not
   attempt to route this signal.
WARNING:Par:288 - The signal
   axi_interconnect_0/axi_interconnect_0/mi_converter_bank/gen_conv_slot[0].clock_conv_inst/gen_async_readwrite.asyncfifo_rw/U0/xst_fifo_gen
   erator/gaxi_full_lite.gwrite_ch.gwdch2.axi_wdch/grf.rf/gntv_or_sync_fifo.mem/gdm.dm/Mram_RAM6_RAMD_D1_O has no load.  PAR will not
   attempt to route this signal.
WARNING:Par:288 - The signal
   axi_interconnect_0/axi_interconnect_0/mi_converter_bank/gen_conv_slot[0].clock_conv_inst/gen_async_readwrite.asyncfifo_rw/U0/xst_fifo_gen
   erator/gaxi_full_lite.gread_ch.grdch2.axi_rdch/grf.rf/gntv_or_sync_fifo.mem/gdm.dm/Mram_RAM1_RAMB_D1_DPO has no load.  PAR will not
   attempt to route this signal.
WARNING:Par:288 - The signal
   axi_interconnect_0/axi_interconnect_0/mi_converter_bank/gen_conv_slot[0].clock_conv_inst/gen_async_readwrite.asyncfifo_rw/U0/xst_fifo_gen
   erator/gaxi_full_lite.gread_ch.grdch2.axi_rdch/grf.rf/gntv_or_sync_fifo.mem/gdm.dm/Mram_RAM1_RAMD_D1_O has no load.  PAR will not attempt
   to route this signal.
WARNING:Par:288 - The signal
   axi_interconnect_0/axi_interconnect_0/mi_converter_bank/gen_conv_slot[0].clock_conv_inst/gen_async_readwrite.asyncfifo_rw/U0/xst_fifo_gen
   erator/gaxi_full_lite.gread_ch.grdch2.axi_rdch/grf.rf/gntv_or_sync_fifo.mem/gdm.dm/Mram_RAM5_RAMD_D1_O has no load.  PAR will not attempt
   to route this signal.
WARNING:Par:288 - The signal
   axi_interconnect_0/axi_interconnect_0/mi_converter_bank/gen_conv_slot[0].clock_conv_inst/gen_async_readwrite.asyncfifo_rw/U0/xst_fifo_gen
   erator/gaxi_full_lite.gwrite_ch.gwach2.axi_wach/grf.rf/gntv_or_sync_fifo.mem/gdm.dm/Mram_RAM10_RAMD_D1_O has no load.  PAR will not
   attempt to route this signal.
WARNING:Par:288 - The signal
   axi_interconnect_0/axi_interconnect_0/mi_converter_bank/gen_conv_slot[0].clock_conv_inst/gen_async_readwrite.asyncfifo_rw/U0/xst_fifo_gen
   erator/gaxi_full_lite.gwrite_ch.gwdch2.axi_wdch/grf.rf/gntv_or_sync_fifo.mem/gdm.dm/Mram_RAM5_RAMD_D1_O has no load.  PAR will not
   attempt to route this signal.
WARNING:Par:288 - The signal
   axi_interconnect_0/axi_interconnect_0/mi_converter_bank/gen_conv_slot[0].clock_conv_inst/gen_async_readwrite.asyncfifo_rw/U0/xst_fifo_gen
   erator/gaxi_full_lite.gwrite_ch.gwach2.axi_wach/grf.rf/gntv_or_sync_fifo.mem/gdm.dm/Mram_RAM9_RAMD_D1_O has no load.  PAR will not
   attempt to route this signal.
WARNING:Par:288 - The signal
   axi_interconnect_0/axi_interconnect_0/mi_converter_bank/gen_conv_slot[0].clock_conv_inst/gen_async_readwrite.asyncfifo_rw/U0/xst_fifo_gen
   erator/gaxi_full_lite.gwrite_ch.gwach2.axi_wach/grf.rf/gntv_or_sync_fifo.mem/gdm.dm/Mram_RAM7_RAMA_D1_DPO has no load.  PAR will not
   attempt to route this signal.
WARNING:Par:288 - The signal
   axi_interconnect_0/axi_interconnect_0/mi_converter_bank/gen_conv_slot[0].clock_conv_inst/gen_async_readwrite.asyncfifo_rw/U0/xst_fifo_gen
   erator/gaxi_full_lite.gwrite_ch.gwach2.axi_wach/grf.rf/gntv_or_sync_fifo.mem/gdm.dm/Mram_RAM7_RAMD_D1_O has no load.  PAR will not
   attempt to route this signal.
WARNING:Par:288 - The signal
   axi_interconnect_0/axi_interconnect_0/mi_converter_bank/gen_conv_slot[0].clock_conv_inst/gen_async_readwrite.asyncfifo_rw/U0/xst_fifo_gen
   erator/gaxi_full_lite.gwrite_ch.gwach2.axi_wach/grf.rf/gntv_or_sync_fifo.mem/gdm.dm/Mram_RAM11_RAMC_D1_DPO has no load.  PAR will not
   attempt to route this signal.
WARNING:Par:288 - The signal
   axi_interconnect_0/axi_interconnect_0/mi_converter_bank/gen_conv_slot[0].clock_conv_inst/gen_async_readwrite.asyncfifo_rw/U0/xst_fifo_gen
   erator/gaxi_full_lite.gwrite_ch.gwach2.axi_wach/grf.rf/gntv_or_sync_fifo.mem/gdm.dm/Mram_RAM11_RAMD_D1_O has no load.  PAR will not
   attempt to route this signal.
WARNING:Par:288 - The signal
   axi_interconnect_0/axi_interconnect_0/mi_converter_bank/gen_conv_slot[0].clock_conv_inst/gen_async_readwrite.asyncfifo_rw/U0/xst_fifo_gen
   erator/gaxi_full_lite.gread_ch.grach2.axi_rach/grf.rf/gntv_or_sync_fifo.mem/gdm.dm/Mram_RAM9_RAMD_D1_O has no load.  PAR will not attempt
   to route this signal.
WARNING:Par:288 - The signal
   axi_interconnect_0/axi_interconnect_0/mi_converter_bank/gen_conv_slot[0].clock_conv_inst/gen_async_readwrite.asyncfifo_rw/U0/xst_fifo_gen
   erator/gaxi_full_lite.gread_ch.grach2.axi_rach/grf.rf/gntv_or_sync_fifo.mem/gdm.dm/Mram_RAM8_RAMD_D1_O has no load.  PAR will not attempt
   to route this signal.
WARNING:Par:288 - The signal
   axi_interconnect_0/axi_interconnect_0/mi_converter_bank/gen_conv_slot[0].clock_conv_inst/gen_async_readwrite.asyncfifo_rw/U0/xst_fifo_gen
   erator/gaxi_full_lite.gread_ch.grach2.axi_rach/grf.rf/gntv_or_sync_fifo.mem/gdm.dm/Mram_RAM5_RAMA_D1_DPO has no load.  PAR will not
   attempt to route this signal.
WARNING:Par:288 - The signal
   axi_interconnect_0/axi_interconnect_0/mi_converter_bank/gen_conv_slot[0].clock_conv_inst/gen_async_readwrite.asyncfifo_rw/U0/xst_fifo_gen
   erator/gaxi_full_lite.gread_ch.grach2.axi_rach/grf.rf/gntv_or_sync_fifo.mem/gdm.dm/Mram_RAM5_RAMB_D1_DPO has no load.  PAR will not
   attempt to route this signal.
WARNING:Par:288 - The signal
   axi_interconnect_0/axi_interconnect_0/mi_converter_bank/gen_conv_slot[0].clock_conv_inst/gen_async_readwrite.asyncfifo_rw/U0/xst_fifo_gen
   erator/gaxi_full_lite.gread_ch.grach2.axi_rach/grf.rf/gntv_or_sync_fifo.mem/gdm.dm/Mram_RAM5_RAMD_D1_O has no load.  PAR will not attempt
   to route this signal.
WARNING:Par:288 - The signal
   axi_interconnect_0/axi_interconnect_0/mi_converter_bank/gen_conv_slot[0].clock_conv_inst/gen_async_readwrite.asyncfifo_rw/U0/xst_fifo_gen
   erator/gaxi_full_lite.gread_ch.grach2.axi_rach/grf.rf/gntv_or_sync_fifo.mem/gdm.dm/Mram_RAM6_RAMD_D1_O has no load.  PAR will not attempt
   to route this signal.
WARNING:Par:288 - The signal
   microblaze_0/microblaze_0/MicroBlaze_Core_I/Performance.Using_DCache.Using_WriteThrough.DCache_I1/Mram_cacheline_copy3_RAMD_D1_O has no
   load.  PAR will not attempt to route this signal.
WARNING:Par:288 - The signal
   microblaze_0/microblaze_0/MicroBlaze_Core_I/Performance.Using_DCache.Using_WriteThrough.DCache_I1/Mram_cacheline_copy2_RAMD_D1_O has no
   load.  PAR will not attempt to route this signal.
WARNING:Par:288 - The signal
   microblaze_0/microblaze_0/MicroBlaze_Core_I/Performance.Data_Flow_I/Register_File_I/Using_LUT6.All_RAM32M[7].ram32m_i_RAMD_D1_O has no
   load.  PAR will not attempt to route this signal.
WARNING:Par:288 - The signal
   axi_interconnect_0/axi_interconnect_0/crossbar_samd/gen_samd.crossbar_samd/gen_crossbar.addr_arbiter_aw/m_mesg_i<1> has no load.  PAR
   will not attempt to route this signal.
WARNING:Par:288 - The signal
   axi_interconnect_0/axi_interconnect_0/crossbar_samd/gen_samd.crossbar_samd/gen_crossbar.addr_arbiter_aw/m_mesg_i<29> has no load.  PAR
   will not attempt to route this signal.
WARNING:Par:288 - The signal
   axi_interconnect_0/axi_interconnect_0/crossbar_samd/gen_samd.crossbar_samd/gen_crossbar.addr_arbiter_aw/m_mesg_i<31> has no load.  PAR
   will not attempt to route this signal.
WARNING:Par:288 - The signal
   axi_interconnect_0/axi_interconnect_0/mi_converter_bank/gen_conv_slot[0].clock_conv_inst/gen_async_readwrite.asyncfifo_rw/U0/xst_fifo_gen
   erator/gaxi_full_lite.gread_ch.grach2.axi_rach/grf.rf/gntv_or_sync_fifo.mem/gdm.dm/Mram_RAM11_RAMC_D1_DPO has no load.  PAR will not
   attempt to route this signal.
WARNING:Par:288 - The signal
   axi_interconnect_0/axi_interconnect_0/mi_converter_bank/gen_conv_slot[0].clock_conv_inst/gen_async_readwrite.asyncfifo_rw/U0/xst_fifo_gen
   erator/gaxi_full_lite.gread_ch.grach2.axi_rach/grf.rf/gntv_or_sync_fifo.mem/gdm.dm/Mram_RAM11_RAMD_D1_O has no load.  PAR will not
   attempt to route this signal.
WARNING:Par:288 - The signal
   axi_interconnect_0/axi_interconnect_0/mi_converter_bank/gen_conv_slot[0].clock_conv_inst/gen_async_readwrite.asyncfifo_rw/U0/xst_fifo_gen
   erator/gaxi_full_lite.gread_ch.grach2.axi_rach/grf.rf/gntv_or_sync_fifo.mem/gdm.dm/Mram_RAM10_RAMD_D1_O has no load.  PAR will not
   attempt to route this signal.
WARNING:Par:288 - The signal
   axi_interconnect_0/axi_interconnect_0/mi_converter_bank/gen_conv_slot[0].clock_conv_inst/gen_async_readwrite.asyncfifo_rw/U0/xst_fifo_gen
   erator/gaxi_full_lite.gread_ch.grach2.axi_rach/grf.rf/gntv_or_sync_fifo.mem/gdm.dm/Mram_RAM7_RAMA_D1_DPO has no load.  PAR will not
   attempt to route this signal.
WARNING:Par:288 - The signal
   axi_interconnect_0/axi_interconnect_0/mi_converter_bank/gen_conv_slot[0].clock_conv_inst/gen_async_readwrite.asyncfifo_rw/U0/xst_fifo_gen
   erator/gaxi_full_lite.gread_ch.grach2.axi_rach/grf.rf/gntv_or_sync_fifo.mem/gdm.dm/Mram_RAM7_RAMD_D1_O has no load.  PAR will not attempt
   to route this signal.
WARNING:Par:288 - The signal microblaze_0_d_bram_ctrl_2_microblaze_0_bram_block_BRAM_Addr<30> has no load.  PAR will not attempt to route
   this signal.
WARNING:Par:288 - The signal microblaze_0_d_bram_ctrl_2_microblaze_0_bram_block_BRAM_Addr<31> has no load.  PAR will not attempt to route
   this signal.
WARNING:Par:288 - The signal
   microblaze_0/microblaze_0/MicroBlaze_Core_I/Performance.Data_Flow_I/Register_File_I/Using_LUT6.All_RAM32M[13].ram32m_i_RAMD_D1_O has no
   load.  PAR will not attempt to route this signal.
WARNING:Par:288 - The signal
   microblaze_0/microblaze_0/MicroBlaze_Core_I/Performance.Data_Flow_I/Register_File_I/Using_LUT6.All_RAM32M[12].ram32m_i_RAMD_D1_O has no
   load.  PAR will not attempt to route this signal.
WARNING:Par:288 - The signal
   microblaze_0/microblaze_0/MicroBlaze_Core_I/Performance.Data_Flow_I/Register_File_I/Using_LUT6.All_RAM32M[8].ram32m_i_RAMD_D1_O has no
   load.  PAR will not attempt to route this signal.
WARNING:Par:288 - The signal
   axi_interconnect_0/axi_interconnect_0/crossbar_samd/gen_samd.crossbar_samd/gen_crossbar.addr_arbiter_ar/m_mesg_i<42> has no load.  PAR
   will not attempt to route this signal.
WARNING:Par:288 - The signal
   axi_interconnect_0/axi_interconnect_0/crossbar_samd/gen_samd.crossbar_samd/gen_crossbar.addr_arbiter_ar/m_mesg_i<58> has no load.  PAR
   will not attempt to route this signal.
WARNING:Par:288 - The signal
   axi_interconnect_0/axi_interconnect_0/mi_converter_bank/gen_conv_slot[0].clock_conv_inst/gen_async_readwrite.asyncfifo_rw/U0/xst_fifo_gen
   erator/gaxi_full_lite.gread_ch.grach2.axi_rach/grf.rf/gntv_or_sync_fifo.mem/gdm.dm/Mram_RAM4_RAMA_D1_DPO has no load.  PAR will not
   attempt to route this signal.
WARNING:Par:288 - The signal
   axi_interconnect_0/axi_interconnect_0/mi_converter_bank/gen_conv_slot[0].clock_conv_inst/gen_async_readwrite.asyncfifo_rw/U0/xst_fifo_gen
   erator/gaxi_full_lite.gread_ch.grach2.axi_rach/grf.rf/gntv_or_sync_fifo.mem/gdm.dm/Mram_RAM4_RAMB_D1_DPO has no load.  PAR will not
   attempt to route this signal.
WARNING:Par:288 - The signal
   axi_interconnect_0/axi_interconnect_0/mi_converter_bank/gen_conv_slot[0].clock_conv_inst/gen_async_readwrite.asyncfifo_rw/U0/xst_fifo_gen
   erator/gaxi_full_lite.gread_ch.grach2.axi_rach/grf.rf/gntv_or_sync_fifo.mem/gdm.dm/Mram_RAM4_RAMC_D1_DPO has no load.  PAR will not
   attempt to route this signal.
WARNING:Par:288 - The signal
   axi_interconnect_0/axi_interconnect_0/mi_converter_bank/gen_conv_slot[0].clock_conv_inst/gen_async_readwrite.asyncfifo_rw/U0/xst_fifo_gen
   erator/gaxi_full_lite.gread_ch.grach2.axi_rach/grf.rf/gntv_or_sync_fifo.mem/gdm.dm/Mram_RAM4_RAMD_D1_O has no load.  PAR will not attempt
   to route this signal.
WARNING:Par:288 - The signal
   axi_interconnect_0/axi_interconnect_0/crossbar_samd/gen_samd.crossbar_samd/gen_crossbar.addr_arbiter_ar/m_mesg_i<29> has no load.  PAR
   will not attempt to route this signal.
WARNING:Par:288 - The signal
   axi_interconnect_0/axi_interconnect_0/crossbar_samd/gen_samd.crossbar_samd/gen_crossbar.addr_arbiter_ar/m_mesg_i<31> has no load.  PAR
   will not attempt to route this signal.
WARNING:Par:288 - The signal
   microblaze_0/microblaze_0/MicroBlaze_Core_I/Performance.Using_DCache.Using_WriteThrough.DCache_I1/Mram_cacheline_copy5_RAMD_D1_O has no
   load.  PAR will not attempt to route this signal.
WARNING:Par:288 - The signal
   microblaze_0/microblaze_0/MicroBlaze_Core_I/Performance.Data_Flow_I/Register_File_I/Using_LUT6.All_RAM32M[15].ram32m_i_RAMD_D1_O has no
   load.  PAR will not attempt to route this signal.
WARNING:Par:288 - The signal
   microblaze_0/microblaze_0/MicroBlaze_Core_I/Performance.Data_Flow_I/Register_File_I/Using_LUT6.All_RAM32M[9].ram32m_i_RAMD_D1_O has no
   load.  PAR will not attempt to route this signal.
WARNING:Par:288 - The signal
   microblaze_0/microblaze_0/MicroBlaze_Core_I/Performance.Using_DCache.Using_WriteThrough.DCache_I1/Mram_cacheline_copy4_RAMD_D1_O has no
   load.  PAR will not attempt to route this signal.
WARNING:Par:288 - The signal
   microblaze_0/microblaze_0/MicroBlaze_Core_I/Performance.Data_Flow_I/Register_File_I/Using_LUT6.All_RAM32M[14].ram32m_i_RAMD_D1_O has no
   load.  PAR will not attempt to route this signal.
WARNING:Par:288 - The signal
   microblaze_0/microblaze_0/MicroBlaze_Core_I/Performance.Data_Flow_I/Register_File_I/Using_LUT6.All_RAM32M[10].ram32m_i_RAMD_D1_O has no
   load.  PAR will not attempt to route this signal.
WARNING:Par:288 - The signal
   microblaze_0/microblaze_0/MicroBlaze_Core_I/Performance.Data_Flow_I/Register_File_I/Using_LUT6.All_RAM32M[6].ram32m_i_RAMD_D1_O has no
   load.  PAR will not attempt to route this signal.
WARNING:Par:288 - The signal
   microblaze_0/microblaze_0/MicroBlaze_Core_I/Performance.Data_Flow_I/Register_File_I/Using_LUT6.All_RAM32M[3].ram32m_i_RAMD_D1_O has no
   load.  PAR will not attempt to route this signal.
WARNING:Par:288 - The signal
   microblaze_0/microblaze_0/MicroBlaze_Core_I/Performance.Data_Flow_I/Register_File_I/Using_LUT6.All_RAM32M[11].ram32m_i_RAMD_D1_O has no
   load.  PAR will not attempt to route this signal.
WARNING:Par:288 - The signal
   microblaze_0/microblaze_0/MicroBlaze_Core_I/Performance.Using_DCache.Using_WriteThrough.DCache_I1/Mram_cacheline_copy1_RAMD_D1_O has no
   load.  PAR will not attempt to route this signal.
WARNING:Par:288 - The signal
   microblaze_0/microblaze_0/MicroBlaze_Core_I/Performance.Data_Flow_I/Register_File_I/Using_LUT6.All_RAM32M[5].ram32m_i_RAMD_D1_O has no
   load.  PAR will not attempt to route this signal.
WARNING:Par:288 - The signal
   microblaze_0/microblaze_0/MicroBlaze_Core_I/Performance.Data_Flow_I/Register_File_I/Using_LUT6.All_RAM32M[4].ram32m_i_RAMD_D1_O has no
   load.  PAR will not attempt to route this signal.
WARNING:Par:288 - The signal
   microblaze_0/microblaze_0/MicroBlaze_Core_I/Performance.Data_Flow_I/Register_File_I/Using_LUT6.All_RAM32M[2].ram32m_i_RAMD_D1_O has no
   load.  PAR will not attempt to route this signal.
WARNING:Par:288 - The signal
   microblaze_0/microblaze_0/MicroBlaze_Core_I/Performance.Data_Flow_I/Register_File_I/Using_LUT6.All_RAM32M[1].ram32m_i_RAMD_D1_O has no
   load.  PAR will not attempt to route this signal.
WARNING:Par:288 - The signal
   microblaze_0/microblaze_0/MicroBlaze_Core_I/Performance.Data_Flow_I/Register_File_I/Using_LUT6.All_RAM32M[0].ram32m_i_RAMD_D1_O has no
   load.  PAR will not attempt to route this signal.
Starting Router


Phase  1  : 36750 unrouted;      REAL time: 26 secs 

Phase  2  : 29526 unrouted;      REAL time: 28 secs 

Phase  3  : 12685 unrouted;      REAL time: 41 secs 

Phase  4  : 12692 unrouted; (Setup:0, Hold:0, Component Switching Limit:0)     REAL time: 46 secs 

Updating file: system.ncd with current fully routed design.

Phase  5  : 0 unrouted; (Setup:0, Hold:0, Component Switching Limit:0)     REAL time: 1 mins 7 secs 

Phase  6  : 0 unrouted; (Setup:0, Hold:0, Component Switching Limit:0)     REAL time: 1 mins 7 secs 

Phase  7  : 0 unrouted; (Setup:0, Hold:0, Component Switching Limit:0)     REAL time: 1 mins 7 secs 

Phase  8  : 0 unrouted; (Setup:0, Hold:0, Component Switching Limit:0)     REAL time: 1 mins 7 secs 

Phase  9  : 0 unrouted; (Setup:0, Hold:0, Component Switching Limit:0)     REAL time: 1 mins 7 secs 

Phase 10  : 0 unrouted; (Setup:0, Hold:0, Component Switching Limit:0)     REAL time: 1 mins 10 secs 
Total REAL time to Router completion: 1 mins 10 secs 
Total CPU time to Router completion: 1 mins 1 secs 

Partition Implementation Status
-------------------------------

  No Partitions were found in this design.

-------------------------------

Generating "PAR" statistics.

**************************
Generating Clock Report
**************************

+---------------------+--------------+------+------+------------+-------------+
|        Clock Net    |   Resource   |Locked|Fanout|Net Skew(ns)|Max Delay(ns)|
+---------------------+--------------+------+------+------------+-------------+
| clk_100_0000MHzPLL0 |  BUFGMUX_X2Y3| No   | 1503 |  0.679     |  2.387      |
+---------------------+--------------+------+------+------------+-------------+
|     clk_130_0000MHz | BUFGMUX_X3Y13| No   |  261 |  0.061     |  1.774      |
+---------------------+--------------+------+------+------------+-------------+
|microblaze_0_debug_D |              |      |      |            |             |
|              bg_Clk |  BUFGMUX_X2Y2| No   |   61 |  0.060     |  1.769      |
+---------------------+--------------+------+------+------------+-------------+
|microblaze_0_debug_D |              |      |      |            |             |
|           bg_Update |         Local|      |   21 |  5.096     |  7.395      |
+---------------------+--------------+------+------+------------+-------------+
|axi_s6_ddrx_0/sysclk |              |      |      |            |             |
|        _2x_bufpll_o |         Local|      |   35 |  0.704     |  1.551      |
+---------------------+--------------+------+------+------------+-------------+
|axi_s6_ddrx_0/sysclk |              |      |      |            |             |
|    _2x_180_bufpll_o |         Local|      |   37 |  0.723     |  1.570      |
+---------------------+--------------+------+------+------------+-------------+
|axi_s6_ddrx_0/axi_s6 |              |      |      |            |             |
|_ddrx_0/mcb_ui_top_0 |              |      |      |            |             |
|/mcb_raw_wrapper_ins |              |      |      |            |             |
|       t/ioi_drp_clk |         Local|      |   22 |  0.000     |  0.002      |
+---------------------+--------------+------+------+------------+-------------+
|axi_s6_ddrx_0/axi_s6 |              |      |      |            |             |
|_ddrx_0/mcb_ui_top_0 |              |      |      |            |             |
|/mcb_raw_wrapper_ins |              |      |      |            |             |
|  t/idelay_dqs_ioi_s |         Local|      |    1 |  0.000     |  0.002      |
+---------------------+--------------+------+------+------------+-------------+
|axi_s6_ddrx_0/axi_s6 |              |      |      |            |             |
|_ddrx_0/mcb_ui_top_0 |              |      |      |            |             |
|/mcb_raw_wrapper_ins |              |      |      |            |             |
|  t/idelay_dqs_ioi_m |         Local|      |    1 |  0.000     |  0.002      |
+---------------------+--------------+------+------+------------+-------------+
|axi_s6_ddrx_0/axi_s6 |              |      |      |            |             |
|_ddrx_0/mcb_ui_top_0 |              |      |      |            |             |
|/mcb_raw_wrapper_ins |              |      |      |            |             |
| t/idelay_udqs_ioi_s |         Local|      |    1 |  0.000     |  0.002      |
+---------------------+--------------+------+------+------------+-------------+
|axi_s6_ddrx_0/axi_s6 |              |      |      |            |             |
|_ddrx_0/mcb_ui_top_0 |              |      |      |            |             |
|/mcb_raw_wrapper_ins |              |      |      |            |             |
| t/idelay_udqs_ioi_m |         Local|      |    1 |  0.000     |  0.002      |
+---------------------+--------------+------+------+------------+-------------+

* Net Skew is the difference between the minimum and maximum routing
only delays for the net. Note this is different from Clock Skew which
is reported in TRCE timing report. Clock Skew is the difference between
the minimum and maximum path delays which includes logic delays.

* The fanout is the number of component pins not the individual BEL loads,
for example SLICE loads not FF loads.

Timing Score: 0 (Setup: 0, Hold: 0, Component Switching Limit: 0)

Number of Timing Constraints that were not applied: 4

Asterisk (*) preceding a constraint indicates it was not met.
   This may be due to a setup or hold violation.

----------------------------------------------------------------------------------------------------------
  Constraint                                |    Check    | Worst Case |  Best Case | Timing |   Timing   
                                            |             |    Slack   | Achievable | Errors |    Score   
----------------------------------------------------------------------------------------------------------
  TS_clk_600_0000MHz180PLL0_nobuf = PERIOD  | MINPERIOD   |     0.067ns|     1.599ns|       0|           0
  TIMEGRP         "clk_600_0000MHz180PLL0_n |             |            |            |        |            
  obuf" TS_sys_clk_pin * 12 PHASE 0.8333333 |             |            |            |        |            
  33         ns HIGH 50%                    |             |            |            |        |            
----------------------------------------------------------------------------------------------------------
  TS_clk_600_0000MHzPLL0_nobuf = PERIOD TIM | MINPERIOD   |     0.067ns|     1.599ns|       0|           0
  EGRP "clk_600_0000MHzPLL0_nobuf"          |             |            |            |        |            
  TS_sys_clk_pin * 12 HIGH 50%              |             |            |            |        |            
----------------------------------------------------------------------------------------------------------
  TS_clock_generator_0_clock_generator_0_SI | SETUP       |     0.348ns|     9.652ns|       0|           0
  G_PLL0_CLKOUT2 = PERIOD TIMEGRP         " | HOLD        |     0.319ns|            |       0|           0
  clock_generator_0_clock_generator_0_SIG_P |             |            |            |        |            
  LL0_CLKOUT2" TS_sys_clk_pin         * 2 H |             |            |            |        |            
  IGH 50%                                   |             |            |            |        |            
----------------------------------------------------------------------------------------------------------
  TS_clock_generator_0_clock_generator_0_SI | SETUP       |     0.504ns|     7.188ns|       0|           0
  G_PLL1_CLKOUT0 = PERIOD TIMEGRP         " | HOLD        |     0.332ns|            |       0|           0
  clock_generator_0_clock_generator_0_SIG_P |             |            |            |        |            
  LL1_CLKOUT0" TS_sys_clk_pin         * 2.6 |             |            |            |        |            
   HIGH 50%                                 |             |            |            |        |            
----------------------------------------------------------------------------------------------------------
  TS_sys_clk_pin = PERIOD TIMEGRP "sys_clk_ | MINLOWPULSE |    15.000ns|     5.000ns|       0|           0
  pin" 50 MHz HIGH 50%                      |             |            |            |        |            
----------------------------------------------------------------------------------------------------------
  TS_axi_interconnect_0_async_clock_conv =  | SETUP       |     7.044ns|     2.956ns|       0|           0
  MAXDELAY FROM TIMEGRP "RAMS" TO         T | HOLD        |     0.667ns|            |       0|           0
  IMEGRP "axi_interconnect_0_async_clock_co |             |            |            |        |            
  nv_FFDEST" 10 ns         DATAPATHONLY     |             |            |            |        |            
----------------------------------------------------------------------------------------------------------
  PATH "TS_TIG_microblaze_0_Reset_path" TIG | SETUP       |         N/A|     3.184ns|     N/A|           0
----------------------------------------------------------------------------------------------------------
  PATH "TS_TIG_microblaze_0_Interrupt_path" | SETUP       |         N/A|     2.307ns|     N/A|           0
   TIG                                      |             |            |            |        |            
----------------------------------------------------------------------------------------------------------
  PATH "TS_axi_interconnect_0_reset_resync_ | MAXDELAY    |         N/A|     7.128ns|     N/A|           0
  path" TIG                                 |             |            |            |        |            
----------------------------------------------------------------------------------------------------------
  PATH "TS_axi4lite_0_reset_resync_path" TI | MAXDELAY    |         N/A|     6.810ns|     N/A|           0
  G                                         |             |            |            |        |            
----------------------------------------------------------------------------------------------------------
  PATH "TS_TIG_axi_s6_ddrx_0_CALIB_DONE_SYN | N/A         |         N/A|         N/A|     N/A|         N/A
  CH_path" TIG                              |             |            |            |        |            
----------------------------------------------------------------------------------------------------------
  PATH "TS_TIG_axi_s6_ddrx_0_SYS_RST_SYNCH_ | SETUP       |         N/A|     2.306ns|     N/A|           0
  path" TIG                                 |             |            |            |        |            
----------------------------------------------------------------------------------------------------------
  PATH "TS_TIG_microblaze_0_dlmb_POR_FF_I_p | SETUP       |         N/A|     2.472ns|     N/A|           0
  ath" TIG                                  |             |            |            |        |            
----------------------------------------------------------------------------------------------------------
  PATH "TS_TIG_microblaze_0_ilmb_POR_FF_I_p | SETUP       |         N/A|     3.336ns|     N/A|           0
  ath" TIG                                  |             |            |            |        |            
----------------------------------------------------------------------------------------------------------


Derived Constraint Report
Review Timing Report for more details on the following derived constraints.
To create a Timing Report, run "trce -v 12 -fastpaths -o design_timing_report design.ncd design.pcf"
or "Run Timing Analysis" from Timing Analyzer (timingan).
Derived Constraints for TS_sys_clk_pin
+-------------------------------+-------------+-------------+-------------+-------------+-------------+-------------+-------------+
|                               |   Period    |       Actual Period       |      Timing Errors        |      Paths Analyzed       |
|           Constraint          | Requirement |-------------+-------------|-------------+-------------|-------------+-------------|
|                               |             |   Direct    | Derivative  |   Direct    | Derivative  |   Direct    | Derivative  |
+-------------------------------+-------------+-------------+-------------+-------------+-------------+-------------+-------------+
|TS_sys_clk_pin                 |     20.000ns|      5.000ns|     19.304ns|            0|            0|            0|       668574|
| TS_clock_generator_0_clock_gen|      7.692ns|      7.188ns|          N/A|            0|            0|         5668|            0|
| erator_0_SIG_PLL1_CLKOUT0     |             |             |             |             |             |             |             |
| TS_clk_600_0000MHz180PLL0_nobu|      1.667ns|      1.599ns|          N/A|            0|            0|            0|            0|
| f                             |             |             |             |             |             |             |             |
| TS_clock_generator_0_clock_gen|     10.000ns|      9.652ns|          N/A|            0|            0|       662906|            0|
| erator_0_SIG_PLL0_CLKOUT2     |             |             |             |             |             |             |             |
| TS_clk_600_0000MHzPLL0_nobuf  |      1.667ns|      1.599ns|          N/A|            0|            0|            0|            0|
+-------------------------------+-------------+-------------+-------------+-------------+-------------+-------------+-------------+

All constraints were met.
INFO:Timing:2761 - N/A entries in the Constraints List may indicate that the 
   constraint is not analyzed due to the following: No paths covered by this 
   constraint; Other constraints intersect with this constraint; or This 
   constraint was disabled by a Path Tracing Control. Please run the Timespec 
   Interaction Report (TSI) via command line (trce tsi) or Timing Analyzer GUI.


Generating Pad Report.

All signals are completely routed.

WARNING:Par:283 - There are 75 loadless signals in this design. This design will cause Bitgen to issue DRC warnings.

Total REAL time to PAR completion: 1 mins 19 secs 
Total CPU time to PAR completion: 1 mins 5 secs 

Peak Memory Usage:  4691 MB

Placer: Placement generated during map.
Routing: Completed - No errors found.
Timing: Completed - No errors found.

Number of error messages: 0
Number of warning messages: 78
Number of info messages: 1

Writing design to file system.ncd



PAR done!



#----------------------------------------------#
# Starting program post_par_trce
# trce -e 3 -xml system.twx system.ncd system.pcf 
#----------------------------------------------#
Release 14.7 - Trace  (nt64)
Copyright (c) 1995-2013 Xilinx, Inc.  All rights reserved.


PMSPEC -- Overriding Xilinx file
<E:/Xilinx/14.7/ISE_DS/EDK/spartan6/data/spartan6.acd> with local file
<E:/Xilinx/14.7/ISE_DS/ISE/spartan6/data/spartan6.acd>
Loading device for application Rf_Device from file '6slx45.nph' in environment
E:\Xilinx\14.7\ISE_DS\ISE\;E:\Xilinx\14.7\ISE_DS\EDK.
   "system" is an NCD, version 3.2, device xc6slx45, package fgg676, speed -2
WARNING:Timing:3223 - Timing constraint PATH
   "TS_TIG_axi_s6_ddrx_0_CALIB_DONE_SYNCH_path" TIG; ignored during timing
   analysis.
INFO:Timing:3386 - Intersecting Constraints found and resolved.  For more
   information, see the TSI report.  Please consult the Xilinx Command Line
   Tools User Guide for information on generating a TSI report.
--------------------------------------------------------------------------------
Release 14.7 Trace  (nt64)
Copyright (c) 1995-2013 Xilinx, Inc.  All rights reserved.

E:\Xilinx\14.7\ISE_DS\ISE\bin\nt64\unwrapped\trce.exe -e 3 -xml system.twx
system.ncd system.pcf


Design file:              system.ncd
Physical constraint file: system.pcf
Device,speed:             xc6slx45,-2 (PRODUCTION 1.23 2013-10-13)
Report level:             error report
--------------------------------------------------------------------------------

INFO:Timing:3412 - To improve timing, see the Timing Closure User Guide (UG612).
INFO:Timing:2752 - To get complete path coverage, use the unconstrained paths option. All paths that are not constrained will be reported in
   the unconstrained paths section(s) of the report.
INFO:Timing:3339 - The clock-to-out numbers in this timing report are based on a 50 Ohm transmission line loading model.  For the details of
   this model, and for more information on accounting for different loading conditions, please see the device datasheet.


Timing summary:
---------------

Timing errors: 0  Score: 0 (Setup/Max: 0, Hold: 0)

Constraints cover 668769 paths, 0 nets, and 29108 connections

Design statistics:
   Minimum period:   9.652ns (Maximum frequency: 103.605MHz)
   Maximum path delay from/to any node:   2.956ns


Analysis completed Tue May 18 08:38:15 2021
--------------------------------------------------------------------------------

Generating Report ...

Number of warnings: 1
Number of info messages: 4
Total time: 19 secs 


